#-----------------------------------------------------------
# Vivado v2018.1 (64-bit)
# SW Build 2188600 on Wed Apr  4 18:40:38 MDT 2018
# IP Build 2185939 on Wed Apr  4 20:55:05 MDT 2018
# Start of session at: Mon Jun  4 17:23:41 2018
# Process ID: 15184
# Current directory: D:/CCU/DigitalSys/DDlab12/Lab12DemoV1.0_2
# Command line: vivado.exe -gui_launcher_event rodinguilauncherevent2812 D:\CCU\DigitalSys\DDlab12\Lab12DemoV1.0_2\Lab12Demo.xpr
# Log file: D:/CCU/DigitalSys/DDlab12/Lab12DemoV1.0_2/vivado.log
# Journal file: D:/CCU/DigitalSys/DDlab12/Lab12DemoV1.0_2\vivado.jou
#-----------------------------------------------------------
start_gui
open_project D:/CCU/DigitalSys/DDlab12/Lab12DemoV1.0_2/Lab12Demo.xpr
Scanning sources...
Finished scanning sources
WARNING: [filemgmt 56-3] IPUserFilesDir: Could not find the directory 'D:/CCU/DigitalSys/DDlab12/Lab12DemoV1.0_2/Lab12Demo.ip_user_files'.
INFO: [IP_Flow 19-234] Refreshing IP repositories
INFO: [IP_Flow 19-1704] No user IP repositories specified
INFO: [IP_Flow 19-2313] Loaded Vivado IP repository 'D:/Xilinx/Vivado/2018.1/data/ip'.
open_project: Time (s): cpu = 00:00:19 ; elapsed = 00:00:10 . Memory (MB): peak = 893.727 ; gain = 138.441
exit
INFO: [Common 17-206] Exiting Vivado at Mon Jun  4 17:24:29 2018...
