Copyright 1986-2018 Xilinx, Inc. All Rights Reserved.
------------------------------------------------------------------------------------
| Tool Version : Vivado v.2018.1 (win64) Build 2188600 Wed Apr  4 18:40:38 MDT 2018
| Date         : Thu Jun 14 19:54:53 2018
| Host         : MSI running 64-bit major release  (build 9200)
| Command      : report_clock_utilization -file system_clock_utilization_routed.rpt
| Design       : system
| Device       : 7z020-clg484
| Speed File   : -1  PRODUCTION 1.11 2014-09-11
------------------------------------------------------------------------------------

Clock Utilization Report

Table of Contents
-----------------
1. Clock Primitive Utilization
2. Global Clock Resources
3. Global Clock Source Details
4. Clock Regions: Key Resource Utilization
5. Clock Regions : Global Clock Summary
6. Device Cell Placement Summary for Global Clock g0
7. Device Cell Placement Summary for Global Clock g1
8. Device Cell Placement Summary for Global Clock g2
9. Device Cell Placement Summary for Global Clock g3
10. Device Cell Placement Summary for Global Clock g4
11. Device Cell Placement Summary for Global Clock g5
12. Device Cell Placement Summary for Global Clock g6
13. Device Cell Placement Summary for Global Clock g7
14. Device Cell Placement Summary for Global Clock g8
15. Device Cell Placement Summary for Global Clock g9
16. Device Cell Placement Summary for Global Clock g10
17. Device Cell Placement Summary for Global Clock g11
18. Clock Region Cell Placement per Global Clock: Region X0Y0
19. Clock Region Cell Placement per Global Clock: Region X1Y0
20. Clock Region Cell Placement per Global Clock: Region X0Y1
21. Clock Region Cell Placement per Global Clock: Region X1Y1
22. Clock Region Cell Placement per Global Clock: Region X0Y2
23. Clock Region Cell Placement per Global Clock: Region X1Y2

1. Clock Primitive Utilization
------------------------------

+----------+------+-----------+-----+--------------+--------+
| Type     | Used | Available | LOC | Clock Region | Pblock |
+----------+------+-----------+-----+--------------+--------+
| BUFGCTRL |   12 |        32 |   0 |            0 |      0 |
| BUFH     |    0 |        72 |   0 |            0 |      0 |
| BUFIO    |    0 |        16 |   0 |            0 |      0 |
| BUFMR    |    0 |         8 |   0 |            0 |      0 |
| BUFR     |    0 |        16 |   0 |            0 |      0 |
| MMCM     |    3 |         4 |   0 |            0 |      0 |
| PLL      |    0 |         4 |   0 |            0 |      0 |
+----------+------+-----------+-----+--------------+--------+


2. Global Clock Resources
-------------------------

+-----------+-----------+-----------------+------------+----------------+--------------+-------------------+-------------+-----------------+--------------+------------------+-------------------------------------------------------------------------------+--------------------------------------------------------------+
| Global Id | Source Id | Driver Type/Pin | Constraint | Site           | Clock Region | Load Clock Region | Clock Loads | Non-Clock Loads | Clock Period | Clock            | Driver Pin                                                                    | Net                                                          |
+-----------+-----------+-----------------+------------+----------------+--------------+-------------------+-------------+-----------------+--------------+------------------+-------------------------------------------------------------------------------+--------------------------------------------------------------+
| g0        | src0      | BUFG/O          | None       | BUFGCTRL_X0Y16 | n/a          |                 6 |        6327 |               0 |              |                  | processing_system7_0/processing_system7_0/buffer_fclk_clk_0.FCLK_CLK_0_BUFG/O | processing_system7_0/FCLK_CLK0                               |
| g1        | src0      | BUFG/O          | None       | BUFGCTRL_X0Y17 | n/a          |                 4 |        2594 |               0 |              |                  | processing_system7_0/processing_system7_0/buffer_fclk_clk_1.FCLK_CLK_1_BUFG/O | processing_system7_0/FCLK_CLK1                               |
| g2        | src1      | BUFG/O          | None       | BUFGCTRL_X0Y0  | n/a          |                 3 |        1390 |               0 |              |                  | axi_clkgen_0/axi_clkgen_0/USER_LOGIC_I/i_clkgen/i_buf/O                       | axi_clkgen_0/clk                                             |
| g3        | src2      | BUFG/O          | None       | BUFGCTRL_X0Y18 | n/a          |                 4 |         278 |               0 |       20.000 | clkout_clkwiz0   | MYIP_TOP_0/accelerator/clkgene/inst/clkout1_buf/O                             | MYIP_TOP_0/accelerator/clkgene/inst/clkout                   |
| g4        | src0      | BUFG/O          | None       | BUFGCTRL_X0Y19 | n/a          |                 1 |          88 |               0 |              |                  | processing_system7_0/processing_system7_0/buffer_fclk_clk_3.FCLK_CLK_3_BUFG/O | processing_system7_0/FCLK_CLK3                               |
| g5        | src3      | BUFG/O          | None       | BUFGCTRL_X0Y1  | n/a          |                 1 |          37 |               0 |              |                  | n_0_116_BUFG_inst/O                                                           | n_0_116_BUFG                                                 |
| g6        | src4      | BUFG/O          | None       | BUFGCTRL_X0Y2  | n/a          |                 2 |          32 |               0 |              |                  | adderin2[-1111111080]_i_1/O                                                   | accelerator/adderin20                                        |
| g7        | src5      | BUFG/O          | None       | BUFGCTRL_X0Y3  | n/a          |                 1 |          32 |               0 |              |                  | aout[-1111111080]_i_2/O                                                       | aout[-1111111080]_i_2_n_1                                    |
| g8        | src6      | BUFG/O          | None       | BUFGCTRL_X0Y4  | n/a          |                 2 |           2 |               0 |              |                  | clock_generator_0/clock_generator_0/MMCM1_CLKOUT0_BUFG_INST/O                 | clock_generator_0/CLKOUT0                                    |
| g9        | src2      | BUFG/O          | None       | BUFGCTRL_X0Y20 | n/a          |                 1 |           1 |               0 |       10.000 | clkfbout_clkwiz0 | MYIP_TOP_0/accelerator/clkgene/inst/clkf_buf/O                                | MYIP_TOP_0/accelerator/clkgene/inst/clkfbout_buf_clkwiz0     |
| g10       | src1      | BUFG/O          | None       | BUFGCTRL_X0Y5  | n/a          |                 1 |           1 |               0 |              |                  | axi_clkgen_0/axi_clkgen_0/USER_LOGIC_I/i_clkgen/i_fb_buf/O                    | axi_clkgen_0/axi_clkgen_0/USER_LOGIC_I/i_clkgen/buf_fb_clk_s |
| g11       | src0      | BUFG/O          | None       | BUFGCTRL_X0Y21 | n/a          |                 1 |           1 |               0 |              |                  | processing_system7_0/processing_system7_0/buffer_fclk_clk_2.FCLK_CLK_2_BUFG/O | processing_system7_0/FCLK_CLK2                               |
+-----------+-----------+-----------------+------------+----------------+--------------+-------------------+-------------+-----------------+--------------+------------------+-------------------------------------------------------------------------------+--------------------------------------------------------------+
* Clock Loads column represents the clock pin loads (pin count)
** Non-Clock Loads column represents the non-clock pin loads (pin count)


3. Global Clock Source Details
------------------------------

+-----------+-----------+---------------------+------------+-----------------+--------------+-------------+-----------------+---------------------+------------------+----------------------------------------------------------------------+------------------------------------------------------------------+
| Source Id | Global Id | Driver Type/Pin     | Constraint | Site            | Clock Region | Clock Loads | Non-Clock Loads | Source Clock Period | Source Clock     | Driver Pin                                                           | Net                                                              |
+-----------+-----------+---------------------+------------+-----------------+--------------+-------------+-----------------+---------------------+------------------+----------------------------------------------------------------------+------------------------------------------------------------------+
| src0      | g0        | PS7/FCLKCLK[0]      | None       | PS7_X0Y0        | X0Y2         |           1 |               0 |                     |                  | processing_system7_0/processing_system7_0/PS7_i/FCLKCLK[0]           | processing_system7_0/processing_system7_0/FCLK_CLK_unbuffered[0] |
| src0      | g1        | PS7/FCLKCLK[1]      | None       | PS7_X0Y0        | X0Y2         |           1 |               0 |                     |                  | processing_system7_0/processing_system7_0/PS7_i/FCLKCLK[1]           | processing_system7_0/processing_system7_0/FCLK_CLK_unbuffered[1] |
| src0      | g11       | PS7/FCLKCLK[2]      | None       | PS7_X0Y0        | X0Y2         |           1 |               0 |                     |                  | processing_system7_0/processing_system7_0/PS7_i/FCLKCLK[2]           | processing_system7_0/processing_system7_0/FCLK_CLK_unbuffered[2] |
| src0      | g4        | PS7/FCLKCLK[3]      | None       | PS7_X0Y0        | X0Y2         |           1 |               0 |                     |                  | processing_system7_0/processing_system7_0/PS7_i/FCLKCLK[3]           | processing_system7_0/processing_system7_0/FCLK_CLK_unbuffered[3] |
| src1      | g2        | MMCME2_ADV/CLKOUT0  | None       | MMCME2_ADV_X0Y0 | X0Y0         |           1 |               0 |                     |                  | axi_clkgen_0/axi_clkgen_0/USER_LOGIC_I/i_clkgen/i_mmcm/CLKOUT0       | axi_clkgen_0/axi_clkgen_0/USER_LOGIC_I/i_clkgen/mmcm_clk_s       |
| src1      | g10       | MMCME2_ADV/CLKFBOUT | None       | MMCME2_ADV_X0Y0 | X0Y0         |           1 |               0 |                     |                  | axi_clkgen_0/axi_clkgen_0/USER_LOGIC_I/i_clkgen/i_mmcm/CLKFBOUT      | axi_clkgen_0/axi_clkgen_0/USER_LOGIC_I/i_clkgen/mmcm_fb_clk_s    |
| src2      | g9        | MMCME2_ADV/CLKFBOUT | None       | MMCME2_ADV_X1Y2 | X1Y2         |           1 |               0 |              10.000 | clkfbout_clkwiz0 | MYIP_TOP_0/accelerator/clkgene/inst/mmcm_adv_inst/CLKFBOUT           | MYIP_TOP_0/accelerator/clkgene/inst/clkfbout_clkwiz0             |
| src2      | g3        | MMCME2_ADV/CLKOUT0  | None       | MMCME2_ADV_X1Y2 | X1Y2         |           1 |               0 |              20.000 | clkout_clkwiz0   | MYIP_TOP_0/accelerator/clkgene/inst/mmcm_adv_inst/CLKOUT0            | MYIP_TOP_0/accelerator/clkgene/inst/clkout_clkwiz0               |
| src3      | g5        | LUT2/O              | None       | SLICE_X49Y46    | X0Y0         |           1 |               0 |                     |                  | MYIP_TOP_0/accelerator/mpy/M1/n_0_116_BUFG_inst_i_1/O                | MYIP_TOP_0/accelerator/mpy/M1/n_0_116_BUFG_inst_n_1              |
| src4      | g6        | LUT3/O              | None       | SLICE_X35Y103   | X0Y2         |           1 |               0 |                     |                  | MYIP_TOP_0/accelerator/adderin2[-1111111080]_i_2/O                   | MYIP_TOP_0/accelerator/c_op_sub_reg                              |
| src5      | g7        | FDCE/Q              | None       | SLICE_X36Y107   | X0Y2         |           1 |              67 |                     |                  | MYIP_TOP_0/accelerator/wcnt_reg/Q                                    | MYIP_TOP_0/accelerator/wcnt_reg_1                                |
| src6      | g8        | MMCME2_ADV/CLKOUT0  | None       | MMCME2_ADV_X1Y0 | X1Y0         |           1 |               0 |                     |                  | clock_generator_0/clock_generator_0/MMCM1_INST/MMCM_ADV_inst/CLKOUT0 | clock_generator_0/clock_generator_0/SIG_MMCM1_CLKOUT0            |
+-----------+-----------+---------------------+------------+-----------------+--------------+-------------+-----------------+---------------------+------------------+----------------------------------------------------------------------+------------------------------------------------------------------+
* Clock Loads column represents the clock pin loads (pin count)
** Non-Clock Loads column represents the non-clock pin loads (pin count)


4. Clock Regions: Key Resource Utilization
------------------------------------------

+-------------------+--------------+--------------+--------------+--------------+--------------+--------------+--------------+--------------+--------------+--------------+--------------+--------------+--------------+--------------+--------------+
|                   | Global Clock |     BUFRs    |    BUFMRs    |    BUFIOs    |     MMCM     |      PLL     |      GT      |      PCI     |    ILOGIC    |    OLOGIC    |      FF      |     LUTM     |    RAMB18    |    RAMB36    |    DSP48E2   |
+-------------------+------+-------+------+-------+------+-------+------+-------+------+-------+------+-------+------+-------+------+-------+------+-------+------+-------+------+-------+------+-------+------+-------+------+-------+------+-------+
| Clock Region Name | Used | Avail | Used | Avail | Used | Avail | Used | Avail | Used | Avail | Used | Avail | Used | Avail | Used | Avail | Used | Avail | Used | Avail | Used | Avail | Used | Avail | Used | Avail | Used | Avail | Used | Avail |
+-------------------+------+-------+------+-------+------+-------+------+-------+------+-------+------+-------+------+-------+------+-------+------+-------+------+-------+------+-------+------+-------+------+-------+------+-------+------+-------+
| X0Y0              |    4 |    12 |    0 |     4 |    0 |     2 |    0 |     4 |    1 |     1 |    0 |     1 |    0 |     0 |    0 |     0 |    0 |    50 |    0 |    50 | 4076 |  2500 | 1761 |  1000 |    0 |    60 |    2 |    30 |    0 |    60 |
| X1Y0              |    4 |    12 |    0 |     4 |    0 |     2 |    0 |     4 |    1 |     1 |    0 |     1 |    0 |     0 |    0 |     0 |    0 |    50 |    1 |    50 |  419 |  3200 |  146 |   850 |    2 |    60 |    0 |    30 |    0 |    40 |
| X0Y1              |    7 |    12 |    0 |     0 |    0 |     0 |    0 |     0 |    0 |     0 |    0 |     0 |    0 |     0 |    0 |     0 |    0 |     0 |    0 |     0 | 3216 |  1200 | 1270 |   400 |    0 |    20 |    1 |    10 |    1 |    20 |
| X1Y1              |    4 |    12 |    0 |     4 |    0 |     2 |    0 |     4 |    0 |     1 |    0 |     1 |    0 |     0 |    0 |     0 |    0 |    50 |    0 |    50 | 1927 |  2600 |  753 |   850 |    0 |    60 |    2 |    30 |    0 |    40 |
| X0Y2              |    5 |    12 |    0 |     0 |    0 |     0 |    0 |     0 |    0 |     0 |    0 |     0 |    0 |     0 |    0 |     0 |    0 |     0 |    0 |     0 |  446 |  1200 |  190 |   400 |    0 |    20 |    0 |    10 |    0 |    20 |
| X1Y2              |    3 |    12 |    0 |     4 |    0 |     2 |    0 |     4 |    1 |     1 |    0 |     1 |    0 |     0 |    0 |     0 |    0 |    50 |    0 |    50 |   11 |  2600 |    7 |   850 |    0 |    60 |    0 |    30 |    0 |    40 |
+-------------------+------+-------+------+-------+------+-------+------+-------+------+-------+------+-------+------+-------+------+-------+------+-------+------+-------+------+-------+------+-------+------+-------+------+-------+------+-------+
* Global Clock column represents track count; while other columns represents cell counts


5. Clock Regions : Global Clock Summary
---------------------------------------

All Modules
+----+----+----+
|    | X0 | X1 |
+----+----+----+
| Y2 |  5 |  3 |
| Y1 |  7 |  4 |
| Y0 |  4 |  4 |
+----+----+----+


6. Device Cell Placement Summary for Global Clock g0
----------------------------------------------------

+-----------+-----------------+-------------------+-------+-------------+---------------+-------------+----------+----------------+----------+--------------------------------+
| Global Id | Driver Type/Pin | Driver Region (D) | Clock | Period (ns) | Waveform (ns) | Slice Loads | IO Loads | Clocking Loads | GT Loads | Net                            |
+-----------+-----------------+-------------------+-------+-------------+---------------+-------------+----------+----------------+----------+--------------------------------+
| g0        | BUFG/O          | n/a               |       |             |               |        6294 |        0 |              2 |        0 | processing_system7_0/FCLK_CLK0 |
+-----------+-----------------+-------------------+-------+-------------+---------------+-------------+----------+----------------+----------+--------------------------------+
* Logic Loads column represents load cell count of all cell types other than IO, GT and clock resources
** IO Loads column represents load cell count of IO types
*** Clocking Loads column represents load cell count that are clock resources (global clock buffer, MMCM, PLL, etc)
**** GT Loads column represents load cell count of GT types


+----+-------+------+
|    | X0    | X1   |
+----+-------+------+
| Y2 |   296 |    1 |
| Y1 |  1169 |  233 |
| Y0 |  4254 |  343 |
+----+-------+------+


7. Device Cell Placement Summary for Global Clock g1
----------------------------------------------------

+-----------+-----------------+-------------------+-------+-------------+---------------+-------------+----------+----------------+----------+--------------------------------+
| Global Id | Driver Type/Pin | Driver Region (D) | Clock | Period (ns) | Waveform (ns) | Slice Loads | IO Loads | Clocking Loads | GT Loads | Net                            |
+-----------+-----------------+-------------------+-------+-------------+---------------+-------------+----------+----------------+----------+--------------------------------+
| g1        | BUFG/O          | n/a               |       |             |               |        2587 |        0 |              1 |        0 | processing_system7_0/FCLK_CLK1 |
+-----------+-----------------+-------------------+-------+-------------+---------------+-------------+----------+----------------+----------+--------------------------------+
* Logic Loads column represents load cell count of all cell types other than IO, GT and clock resources
** IO Loads column represents load cell count of IO types
*** Clocking Loads column represents load cell count that are clock resources (global clock buffer, MMCM, PLL, etc)
**** GT Loads column represents load cell count of GT types


+----+-------+------+
|    | X0    | X1   |
+----+-------+------+
| Y2 |     1 |    0 |
| Y1 |  1731 |  855 |
| Y0 |     0 |    1 |
+----+-------+------+


8. Device Cell Placement Summary for Global Clock g2
----------------------------------------------------

+-----------+-----------------+-------------------+-------+-------------+---------------+-------------+----------+----------------+----------+------------------+
| Global Id | Driver Type/Pin | Driver Region (D) | Clock | Period (ns) | Waveform (ns) | Slice Loads | IO Loads | Clocking Loads | GT Loads | Net              |
+-----------+-----------------+-------------------+-------+-------------+---------------+-------------+----------+----------------+----------+------------------+
| g2        | BUFG/O          | n/a               |       |             |               |        1390 |        0 |              0 |        0 | axi_clkgen_0/clk |
+-----------+-----------------+-------------------+-------+-------------+---------------+-------------+----------+----------------+----------+------------------+
* Logic Loads column represents load cell count of all cell types other than IO, GT and clock resources
** IO Loads column represents load cell count of IO types
*** Clocking Loads column represents load cell count that are clock resources (global clock buffer, MMCM, PLL, etc)
**** GT Loads column represents load cell count of GT types


+----+------+------+
|    | X0   | X1   |
+----+------+------+
| Y2 |    0 |    0 |
| Y1 |  416 |  972 |
| Y0 |    0 |    2 |
+----+------+------+


9. Device Cell Placement Summary for Global Clock g3
----------------------------------------------------

+-----------+-----------------+-------------------+----------------+-------------+----------------+-------------+----------+----------------+----------+--------------------------------------------+
| Global Id | Driver Type/Pin | Driver Region (D) | Clock          | Period (ns) | Waveform (ns)  | Slice Loads | IO Loads | Clocking Loads | GT Loads | Net                                        |
+-----------+-----------------+-------------------+----------------+-------------+----------------+-------------+----------+----------------+----------+--------------------------------------------+
| g3        | BUFG/O          | n/a               | clkout_clkwiz0 |      20.000 | {0.000 10.000} |         246 |        0 |              0 |        0 | MYIP_TOP_0/accelerator/clkgene/inst/clkout |
+-----------+-----------------+-------------------+----------------+-------------+----------------+-------------+----------+----------------+----------+--------------------------------------------+
* Logic Loads column represents load cell count of all cell types other than IO, GT and clock resources
** IO Loads column represents load cell count of IO types
*** Clocking Loads column represents load cell count that are clock resources (global clock buffer, MMCM, PLL, etc)
**** GT Loads column represents load cell count of GT types


+----+------+-----+
|    | X0   | X1  |
+----+------+-----+
| Y2 |  151 |  11 |
| Y1 |   82 |   2 |
| Y0 |    0 |   0 |
+----+------+-----+


10. Device Cell Placement Summary for Global Clock g4
-----------------------------------------------------

+-----------+-----------------+-------------------+-------+-------------+---------------+-------------+----------+----------------+----------+--------------------------------+
| Global Id | Driver Type/Pin | Driver Region (D) | Clock | Period (ns) | Waveform (ns) | Slice Loads | IO Loads | Clocking Loads | GT Loads | Net                            |
+-----------+-----------------+-------------------+-------+-------------+---------------+-------------+----------+----------------+----------+--------------------------------+
| g4        | BUFG/O          | n/a               |       |             |               |          83 |        0 |              0 |        0 | processing_system7_0/FCLK_CLK3 |
+-----------+-----------------+-------------------+-------+-------------+---------------+-------------+----------+----------------+----------+--------------------------------+
* Logic Loads column represents load cell count of all cell types other than IO, GT and clock resources
** IO Loads column represents load cell count of IO types
*** Clocking Loads column represents load cell count that are clock resources (global clock buffer, MMCM, PLL, etc)
**** GT Loads column represents load cell count of GT types


+----+----+-----+
|    | X0 | X1  |
+----+----+-----+
| Y2 |  0 |   0 |
| Y1 |  0 |   0 |
| Y0 |  0 |  83 |
+----+----+-----+


11. Device Cell Placement Summary for Global Clock g5
-----------------------------------------------------

+-----------+-----------------+-------------------+-------+-------------+---------------+-------------+----------+----------------+----------+--------------+
| Global Id | Driver Type/Pin | Driver Region (D) | Clock | Period (ns) | Waveform (ns) | Slice Loads | IO Loads | Clocking Loads | GT Loads | Net          |
+-----------+-----------------+-------------------+-------+-------------+---------------+-------------+----------+----------------+----------+--------------+
| g5        | BUFG/O          | n/a               |       |             |               |          37 |        0 |              0 |        0 | n_0_116_BUFG |
+-----------+-----------------+-------------------+-------+-------------+---------------+-------------+----------+----------------+----------+--------------+
* Logic Loads column represents load cell count of all cell types other than IO, GT and clock resources
** IO Loads column represents load cell count of IO types
*** Clocking Loads column represents load cell count that are clock resources (global clock buffer, MMCM, PLL, etc)
**** GT Loads column represents load cell count of GT types


+----+-----+----+
|    | X0  | X1 |
+----+-----+----+
| Y2 |   0 |  0 |
| Y1 |  37 |  0 |
| Y0 |   0 |  0 |
+----+-----+----+


12. Device Cell Placement Summary for Global Clock g6
-----------------------------------------------------

+-----------+-----------------+-------------------+-------+-------------+---------------+-------------+----------+----------------+----------+-----------------------+
| Global Id | Driver Type/Pin | Driver Region (D) | Clock | Period (ns) | Waveform (ns) | Slice Loads | IO Loads | Clocking Loads | GT Loads | Net                   |
+-----------+-----------------+-------------------+-------+-------------+---------------+-------------+----------+----------------+----------+-----------------------+
| g6        | BUFG/O          | n/a               |       |             |               |          32 |        0 |              0 |        0 | accelerator/adderin20 |
+-----------+-----------------+-------------------+-------+-------------+---------------+-------------+----------+----------------+----------+-----------------------+
* Logic Loads column represents load cell count of all cell types other than IO, GT and clock resources
** IO Loads column represents load cell count of IO types
*** Clocking Loads column represents load cell count that are clock resources (global clock buffer, MMCM, PLL, etc)
**** GT Loads column represents load cell count of GT types


+----+-----+----+
|    | X0  | X1 |
+----+-----+----+
| Y2 |  12 |  0 |
| Y1 |  20 |  0 |
| Y0 |   0 |  0 |
+----+-----+----+


13. Device Cell Placement Summary for Global Clock g7
-----------------------------------------------------

+-----------+-----------------+-------------------+-------+-------------+---------------+-------------+----------+----------------+----------+---------------------------+
| Global Id | Driver Type/Pin | Driver Region (D) | Clock | Period (ns) | Waveform (ns) | Slice Loads | IO Loads | Clocking Loads | GT Loads | Net                       |
+-----------+-----------------+-------------------+-------+-------------+---------------+-------------+----------+----------------+----------+---------------------------+
| g7        | BUFG/O          | n/a               |       |             |               |          32 |        0 |              0 |        0 | aout[-1111111080]_i_2_n_1 |
+-----------+-----------------+-------------------+-------+-------------+---------------+-------------+----------+----------------+----------+---------------------------+
* Logic Loads column represents load cell count of all cell types other than IO, GT and clock resources
** IO Loads column represents load cell count of IO types
*** Clocking Loads column represents load cell count that are clock resources (global clock buffer, MMCM, PLL, etc)
**** GT Loads column represents load cell count of GT types


+----+-----+----+
|    | X0  | X1 |
+----+-----+----+
| Y2 |  32 |  0 |
| Y1 |   0 |  0 |
| Y0 |   0 |  0 |
+----+-----+----+


14. Device Cell Placement Summary for Global Clock g8
-----------------------------------------------------

+-----------+-----------------+-------------------+-------+-------------+---------------+-------------+----------+----------------+----------+---------------------------+
| Global Id | Driver Type/Pin | Driver Region (D) | Clock | Period (ns) | Waveform (ns) | Slice Loads | IO Loads | Clocking Loads | GT Loads | Net                       |
+-----------+-----------------+-------------------+-------+-------------+---------------+-------------+----------+----------------+----------+---------------------------+
| g8        | BUFG/O          | n/a               |       |             |               |           2 |        0 |              0 |        0 | clock_generator_0/CLKOUT0 |
+-----------+-----------------+-------------------+-------+-------------+---------------+-------------+----------+----------------+----------+---------------------------+
* Logic Loads column represents load cell count of all cell types other than IO, GT and clock resources
** IO Loads column represents load cell count of IO types
*** Clocking Loads column represents load cell count that are clock resources (global clock buffer, MMCM, PLL, etc)
**** GT Loads column represents load cell count of GT types


+----+----+----+
|    | X0 | X1 |
+----+----+----+
| Y2 |  0 |  0 |
| Y1 |  1 |  0 |
| Y0 |  1 |  0 |
+----+----+----+


15. Device Cell Placement Summary for Global Clock g9
-----------------------------------------------------

+-----------+-----------------+-------------------+------------------+-------------+---------------+-------------+----------+----------------+----------+----------------------------------------------------------+
| Global Id | Driver Type/Pin | Driver Region (D) | Clock            | Period (ns) | Waveform (ns) | Slice Loads | IO Loads | Clocking Loads | GT Loads | Net                                                      |
+-----------+-----------------+-------------------+------------------+-------------+---------------+-------------+----------+----------------+----------+----------------------------------------------------------+
| g9        | BUFG/O          | n/a               | clkfbout_clkwiz0 |      10.000 | {0.000 5.000} |           0 |        0 |              1 |        0 | MYIP_TOP_0/accelerator/clkgene/inst/clkfbout_buf_clkwiz0 |
+-----------+-----------------+-------------------+------------------+-------------+---------------+-------------+----------+----------------+----------+----------------------------------------------------------+
* Logic Loads column represents load cell count of all cell types other than IO, GT and clock resources
** IO Loads column represents load cell count of IO types
*** Clocking Loads column represents load cell count that are clock resources (global clock buffer, MMCM, PLL, etc)
**** GT Loads column represents load cell count of GT types


+----+----+----+
|    | X0 | X1 |
+----+----+----+
| Y2 |  0 |  1 |
| Y1 |  0 |  0 |
| Y0 |  0 |  0 |
+----+----+----+


16. Device Cell Placement Summary for Global Clock g10
------------------------------------------------------

+-----------+-----------------+-------------------+-------+-------------+---------------+-------------+----------+----------------+----------+--------------------------------------------------------------+
| Global Id | Driver Type/Pin | Driver Region (D) | Clock | Period (ns) | Waveform (ns) | Slice Loads | IO Loads | Clocking Loads | GT Loads | Net                                                          |
+-----------+-----------------+-------------------+-------+-------------+---------------+-------------+----------+----------------+----------+--------------------------------------------------------------+
| g10       | BUFG/O          | n/a               |       |             |               |           0 |        0 |              1 |        0 | axi_clkgen_0/axi_clkgen_0/USER_LOGIC_I/i_clkgen/buf_fb_clk_s |
+-----------+-----------------+-------------------+-------+-------------+---------------+-------------+----------+----------------+----------+--------------------------------------------------------------+
* Logic Loads column represents load cell count of all cell types other than IO, GT and clock resources
** IO Loads column represents load cell count of IO types
*** Clocking Loads column represents load cell count that are clock resources (global clock buffer, MMCM, PLL, etc)
**** GT Loads column represents load cell count of GT types


+----+----+----+
|    | X0 | X1 |
+----+----+----+
| Y2 |  0 |  0 |
| Y1 |  0 |  0 |
| Y0 |  1 |  0 |
+----+----+----+


17. Device Cell Placement Summary for Global Clock g11
------------------------------------------------------

+-----------+-----------------+-------------------+-------+-------------+---------------+-------------+----------+----------------+----------+--------------------------------+
| Global Id | Driver Type/Pin | Driver Region (D) | Clock | Period (ns) | Waveform (ns) | Slice Loads | IO Loads | Clocking Loads | GT Loads | Net                            |
+-----------+-----------------+-------------------+-------+-------------+---------------+-------------+----------+----------------+----------+--------------------------------+
| g11       | BUFG/O          | n/a               |       |             |               |           0 |        0 |              1 |        0 | processing_system7_0/FCLK_CLK2 |
+-----------+-----------------+-------------------+-------+-------------+---------------+-------------+----------+----------------+----------+--------------------------------+
* Logic Loads column represents load cell count of all cell types other than IO, GT and clock resources
** IO Loads column represents load cell count of IO types
*** Clocking Loads column represents load cell count that are clock resources (global clock buffer, MMCM, PLL, etc)
**** GT Loads column represents load cell count of GT types


+----+----+----+
|    | X0 | X1 |
+----+----+----+
| Y2 |  0 |  0 |
| Y1 |  0 |  0 |
| Y0 |  1 |  0 |
+----+----+----+


18. Clock Region Cell Placement per Global Clock: Region X0Y0
-------------------------------------------------------------

+-----------+-------+-----------------+------------+-------------+-----------------+------+--------+------+-----+----+------+-----+---------+--------------------------------------------------------------+
| Global Id | Track | Driver Type/Pin | Constraint | Clock Loads | Non-Clock Loads | FF   | LUTRAM | RAMB | DSP | GT | MMCM | PLL | Hard IP | Net                                                          |
+-----------+-------+-----------------+------------+-------------+-----------------+------+--------+------+-----+----+------+-----+---------+--------------------------------------------------------------+
| g0        | n/a   | BUFG/O          | None       |        4254 |               0 | 4075 |    176 |    2 |   0 |  0 |    1 |   0 |       0 | processing_system7_0/FCLK_CLK0                               |
| g8        | n/a   | BUFG/O          | None       |           1 |               0 |    1 |      0 |    0 |   0 |  0 |    0 |   0 |       0 | clock_generator_0/CLKOUT0                                    |
| g10       | n/a   | BUFG/O          | None       |           1 |               0 |    0 |      0 |    0 |   0 |  0 |    1 |   0 |       0 | axi_clkgen_0/axi_clkgen_0/USER_LOGIC_I/i_clkgen/buf_fb_clk_s |
| g11       | n/a   | BUFG/O          | None       |           1 |               0 |    0 |      0 |    0 |   0 |  0 |    1 |   0 |       0 | processing_system7_0/FCLK_CLK2                               |
+-----------+-------+-----------------+------------+-------------+-----------------+------+--------+------+-----+----+------+-----+---------+--------------------------------------------------------------+
* Clock Loads column represents the clock pin loads (pin count)
** Non-Clock Loads column represents the non-clock pin loads (pin count)
*** Columns FF, LUTRAM, RAMB through 'Hard IP' represents load cell counts


19. Clock Region Cell Placement per Global Clock: Region X1Y0
-------------------------------------------------------------

+-----------+-------+-----------------+------------+-------------+-----------------+-----+--------+------+-----+----+------+-----+---------+--------------------------------+
| Global Id | Track | Driver Type/Pin | Constraint | Clock Loads | Non-Clock Loads | FF  | LUTRAM | RAMB | DSP | GT | MMCM | PLL | Hard IP | Net                            |
+-----------+-------+-----------------+------------+-------------+-----------------+-----+--------+------+-----+----+------+-----+---------+--------------------------------+
| g0        | n/a   | BUFG/O          | None       |         343 |               0 | 340 |      3 |    0 |   0 |  0 |    0 |   0 |       0 | processing_system7_0/FCLK_CLK0 |
| g1        | n/a   | BUFG/O          | None       |           1 |               0 |   0 |      0 |    0 |   0 |  0 |    1 |   0 |       0 | processing_system7_0/FCLK_CLK1 |
| g2        | n/a   | BUFG/O          | None       |           2 |               0 |   1 |      0 |    0 |   0 |  0 |    0 |   0 |       0 | axi_clkgen_0/clk               |
| g4        | n/a   | BUFG/O          | None       |          83 |               0 |  78 |      0 |    2 |   0 |  0 |    0 |   0 |       0 | processing_system7_0/FCLK_CLK3 |
+-----------+-------+-----------------+------------+-------------+-----------------+-----+--------+------+-----+----+------+-----+---------+--------------------------------+
* Clock Loads column represents the clock pin loads (pin count)
** Non-Clock Loads column represents the non-clock pin loads (pin count)
*** Columns FF, LUTRAM, RAMB through 'Hard IP' represents load cell counts


20. Clock Region Cell Placement per Global Clock: Region X0Y1
-------------------------------------------------------------

+-----------+-------+-----------------+------------+-------------+-----------------+------+--------+------+-----+----+------+-----+---------+--------------------------------------------+
| Global Id | Track | Driver Type/Pin | Constraint | Clock Loads | Non-Clock Loads | FF   | LUTRAM | RAMB | DSP | GT | MMCM | PLL | Hard IP | Net                                        |
+-----------+-------+-----------------+------------+-------------+-----------------+------+--------+------+-----+----+------+-----+---------+--------------------------------------------+
| g0        | n/a   | BUFG/O          | None       |        1169 |               0 | 1168 |      1 |    0 |   0 |  0 |    0 |   0 |       0 | processing_system7_0/FCLK_CLK0             |
| g1        | n/a   | BUFG/O          | None       |        1731 |               0 | 1612 |    118 |    1 |   0 |  0 |    0 |   0 |       0 | processing_system7_0/FCLK_CLK1             |
| g2        | n/a   | BUFG/O          | None       |         416 |               0 |  354 |     62 |    0 |   0 |  0 |    0 |   0 |       0 | axi_clkgen_0/clk                           |
| g3        | n/a   | BUFG/O          | None       |          82 |               0 |   81 |      0 |    0 |   1 |  0 |    0 |   0 |       0 | MYIP_TOP_0/accelerator/clkgene/inst/clkout |
| g5        | n/a   | BUFG/O          | None       |          37 |               0 |    0 |      0 |    0 |   0 |  0 |    0 |   0 |       0 | n_0_116_BUFG                               |
| g6        | n/a   | BUFG/O          | None       |          20 |               0 |    0 |      0 |    0 |   0 |  0 |    0 |   0 |       0 | accelerator/adderin20                      |
| g8        | n/a   | BUFG/O          | None       |           1 |               0 |    1 |      0 |    0 |   0 |  0 |    0 |   0 |       0 | clock_generator_0/CLKOUT0                  |
+-----------+-------+-----------------+------------+-------------+-----------------+------+--------+------+-----+----+------+-----+---------+--------------------------------------------+
* Clock Loads column represents the clock pin loads (pin count)
** Non-Clock Loads column represents the non-clock pin loads (pin count)
*** Columns FF, LUTRAM, RAMB through 'Hard IP' represents load cell counts


21. Clock Region Cell Placement per Global Clock: Region X1Y1
-------------------------------------------------------------

+-----------+-------+-----------------+------------+-------------+-----------------+-----+--------+------+-----+----+------+-----+---------+--------------------------------------------+
| Global Id | Track | Driver Type/Pin | Constraint | Clock Loads | Non-Clock Loads | FF  | LUTRAM | RAMB | DSP | GT | MMCM | PLL | Hard IP | Net                                        |
+-----------+-------+-----------------+------------+-------------+-----------------+-----+--------+------+-----+----+------+-----+---------+--------------------------------------------+
| g0        | n/a   | BUFG/O          | None       |         233 |               0 | 233 |      0 |    0 |   0 |  0 |    0 |   0 |       0 | processing_system7_0/FCLK_CLK0             |
| g1        | n/a   | BUFG/O          | None       |         855 |               0 | 843 |      9 |    2 |   0 |  0 |    0 |   0 |       0 | processing_system7_0/FCLK_CLK1             |
| g2        | n/a   | BUFG/O          | None       |         972 |               0 | 849 |    122 |    1 |   0 |  0 |    0 |   0 |       0 | axi_clkgen_0/clk                           |
| g3        | n/a   | BUFG/O          | None       |           2 |               0 |   2 |      0 |    0 |   0 |  0 |    0 |   0 |       0 | MYIP_TOP_0/accelerator/clkgene/inst/clkout |
+-----------+-------+-----------------+------------+-------------+-----------------+-----+--------+------+-----+----+------+-----+---------+--------------------------------------------+
* Clock Loads column represents the clock pin loads (pin count)
** Non-Clock Loads column represents the non-clock pin loads (pin count)
*** Columns FF, LUTRAM, RAMB through 'Hard IP' represents load cell counts


22. Clock Region Cell Placement per Global Clock: Region X0Y2
-------------------------------------------------------------

+-----------+-------+-----------------+------------+-------------+-----------------+-----+--------+------+-----+----+------+-----+---------+--------------------------------------------+
| Global Id | Track | Driver Type/Pin | Constraint | Clock Loads | Non-Clock Loads | FF  | LUTRAM | RAMB | DSP | GT | MMCM | PLL | Hard IP | Net                                        |
+-----------+-------+-----------------+------------+-------------+-----------------+-----+--------+------+-----+----+------+-----+---------+--------------------------------------------+
| g0        | n/a   | BUFG/O          | None       |         296 |               0 | 295 |      0 |    0 |   0 |  0 |    0 |   0 |       0 | processing_system7_0/FCLK_CLK0             |
| g1        | n/a   | BUFG/O          | None       |           1 |               0 |   0 |      0 |    0 |   0 |  0 |    0 |   0 |       0 | processing_system7_0/FCLK_CLK1             |
| g3        | n/a   | BUFG/O          | None       |         151 |               0 | 151 |      0 |    0 |   0 |  0 |    0 |   0 |       0 | MYIP_TOP_0/accelerator/clkgene/inst/clkout |
| g6        | n/a   | BUFG/O          | None       |          12 |               0 |   0 |      0 |    0 |   0 |  0 |    0 |   0 |       0 | accelerator/adderin20                      |
| g7        | n/a   | BUFG/O          | None       |          32 |               0 |   0 |      0 |    0 |   0 |  0 |    0 |   0 |       0 | aout[-1111111080]_i_2_n_1                  |
+-----------+-------+-----------------+------------+-------------+-----------------+-----+--------+------+-----+----+------+-----+---------+--------------------------------------------+
* Clock Loads column represents the clock pin loads (pin count)
** Non-Clock Loads column represents the non-clock pin loads (pin count)
*** Columns FF, LUTRAM, RAMB through 'Hard IP' represents load cell counts


23. Clock Region Cell Placement per Global Clock: Region X1Y2
-------------------------------------------------------------

+-----------+-------+-----------------+------------+-------------+-----------------+----+--------+------+-----+----+------+-----+---------+----------------------------------------------------------+
| Global Id | Track | Driver Type/Pin | Constraint | Clock Loads | Non-Clock Loads | FF | LUTRAM | RAMB | DSP | GT | MMCM | PLL | Hard IP | Net                                                      |
+-----------+-------+-----------------+------------+-------------+-----------------+----+--------+------+-----+----+------+-----+---------+----------------------------------------------------------+
| g0        | n/a   | BUFG/O          | None       |           1 |               0 |  0 |      0 |    0 |   0 |  0 |    1 |   0 |       0 | processing_system7_0/FCLK_CLK0                           |
| g3        | n/a   | BUFG/O          | None       |          11 |               0 | 11 |      0 |    0 |   0 |  0 |    0 |   0 |       0 | MYIP_TOP_0/accelerator/clkgene/inst/clkout               |
| g9        | n/a   | BUFG/O          | None       |           1 |               0 |  0 |      0 |    0 |   0 |  0 |    1 |   0 |       0 | MYIP_TOP_0/accelerator/clkgene/inst/clkfbout_buf_clkwiz0 |
+-----------+-------+-----------------+------------+-------------+-----------------+----+--------+------+-----+----+------+-----+---------+----------------------------------------------------------+
* Clock Loads column represents the clock pin loads (pin count)
** Non-Clock Loads column represents the non-clock pin loads (pin count)
*** Columns FF, LUTRAM, RAMB through 'Hard IP' represents load cell counts



# Location of BUFG Primitives 
set_property LOC BUFGCTRL_X0Y19 [get_cells processing_system7_0/processing_system7_0/buffer_fclk_clk_3.FCLK_CLK_3_BUFG]
set_property LOC BUFGCTRL_X0Y21 [get_cells processing_system7_0/processing_system7_0/buffer_fclk_clk_2.FCLK_CLK_2_BUFG]
set_property LOC BUFGCTRL_X0Y17 [get_cells processing_system7_0/processing_system7_0/buffer_fclk_clk_1.FCLK_CLK_1_BUFG]
set_property LOC BUFGCTRL_X0Y16 [get_cells processing_system7_0/processing_system7_0/buffer_fclk_clk_0.FCLK_CLK_0_BUFG]
set_property LOC BUFGCTRL_X0Y1 [get_cells n_0_116_BUFG_inst]
set_property LOC BUFGCTRL_X0Y4 [get_cells clock_generator_0/clock_generator_0/MMCM1_CLKOUT0_BUFG_INST]
set_property LOC BUFGCTRL_X0Y0 [get_cells axi_clkgen_0/axi_clkgen_0/USER_LOGIC_I/i_clkgen/i_buf]
set_property LOC BUFGCTRL_X0Y5 [get_cells axi_clkgen_0/axi_clkgen_0/USER_LOGIC_I/i_clkgen/i_fb_buf]
set_property LOC BUFGCTRL_X0Y3 [get_cells aout[-1111111080]_i_2]
set_property LOC BUFGCTRL_X0Y2 [get_cells adderin2[-1111111080]_i_1]
set_property LOC BUFGCTRL_X0Y18 [get_cells MYIP_TOP_0/accelerator/clkgene/inst/clkout1_buf]
set_property LOC BUFGCTRL_X0Y20 [get_cells MYIP_TOP_0/accelerator/clkgene/inst/clkf_buf]

# Location of IO Primitives which is load of clock spine

# Location of clock ports

# Clock net "processing_system7_0/FCLK_CLK3" driven by instance "processing_system7_0/processing_system7_0/buffer_fclk_clk_3.FCLK_CLK_3_BUFG" located at site "BUFGCTRL_X0Y19"
#startgroup
create_pblock {CLKAG_processing_system7_0/FCLK_CLK3}
add_cells_to_pblock [get_pblocks  {CLKAG_processing_system7_0/FCLK_CLK3}] [get_cells -filter { PRIMITIVE_GROUP != I/O && IS_PRIMITIVE==1 && PRIMITIVE_LEVEL !=INTERNAL } -of_object [get_pins -filter {DIRECTION==IN} -of_objects [get_nets -hierarchical -filter {PARENT=="processing_system7_0/FCLK_CLK3"}]]]
resize_pblock [get_pblocks {CLKAG_processing_system7_0/FCLK_CLK3}] -add {CLOCKREGION_X1Y0:CLOCKREGION_X1Y0}
#endgroup

# Clock net "processing_system7_0/FCLK_CLK1" driven by instance "processing_system7_0/processing_system7_0/buffer_fclk_clk_1.FCLK_CLK_1_BUFG" located at site "BUFGCTRL_X0Y17"
#startgroup
create_pblock {CLKAG_processing_system7_0/FCLK_CLK1}
add_cells_to_pblock [get_pblocks  {CLKAG_processing_system7_0/FCLK_CLK1}] [get_cells -filter { PRIMITIVE_GROUP != I/O && IS_PRIMITIVE==1 && PRIMITIVE_LEVEL !=INTERNAL && NAME!=clock_generator_0/clock_generator_0/MMCM1_INST/MMCM_ADV_inst} -of_object [get_pins -filter {DIRECTION==IN} -of_objects [get_nets -hierarchical -filter {PARENT=="processing_system7_0/FCLK_CLK1"}]]]
resize_pblock [get_pblocks {CLKAG_processing_system7_0/FCLK_CLK1}] -add {CLOCKREGION_X0Y1:CLOCKREGION_X0Y1 CLOCKREGION_X0Y2:CLOCKREGION_X0Y2 CLOCKREGION_X1Y1:CLOCKREGION_X1Y1}
#endgroup

# Clock net "processing_system7_0/FCLK_CLK0" driven by instance "processing_system7_0/processing_system7_0/buffer_fclk_clk_0.FCLK_CLK_0_BUFG" located at site "BUFGCTRL_X0Y16"
#startgroup
create_pblock {CLKAG_processing_system7_0/FCLK_CLK0}
add_cells_to_pblock [get_pblocks  {CLKAG_processing_system7_0/FCLK_CLK0}] [get_cells -filter { PRIMITIVE_GROUP != I/O && IS_PRIMITIVE==1 && PRIMITIVE_LEVEL !=INTERNAL && NAME!=axi_clkgen_0/axi_clkgen_0/USER_LOGIC_I/i_clkgen/i_mmcm && NAME!=MYIP_TOP_0/accelerator/clkgene/inst/mmcm_adv_inst} -of_object [get_pins -filter {DIRECTION==IN} -of_objects [get_nets -hierarchical -filter {PARENT=="processing_system7_0/FCLK_CLK0"}]]]
resize_pblock [get_pblocks {CLKAG_processing_system7_0/FCLK_CLK0}] -add {CLOCKREGION_X0Y0:CLOCKREGION_X0Y0 CLOCKREGION_X0Y1:CLOCKREGION_X0Y1 CLOCKREGION_X0Y2:CLOCKREGION_X0Y2 CLOCKREGION_X1Y0:CLOCKREGION_X1Y0 CLOCKREGION_X1Y1:CLOCKREGION_X1Y1}
#endgroup

# Clock net "n_0_116_BUFG" driven by instance "n_0_116_BUFG_inst" located at site "BUFGCTRL_X0Y1"
#startgroup
create_pblock {CLKAG_n_0_116_BUFG}
add_cells_to_pblock [get_pblocks  {CLKAG_n_0_116_BUFG}] [get_cells -filter { PRIMITIVE_GROUP != I/O && IS_PRIMITIVE==1 && PRIMITIVE_LEVEL !=INTERNAL } -of_object [get_pins -filter {DIRECTION==IN} -of_objects [get_nets -hierarchical -filter {PARENT=="n_0_116_BUFG"}]]]
resize_pblock [get_pblocks {CLKAG_n_0_116_BUFG}] -add {CLOCKREGION_X0Y1:CLOCKREGION_X0Y1}
#endgroup

# Clock net "clock_generator_0/CLKOUT0" driven by instance "clock_generator_0/clock_generator_0/MMCM1_CLKOUT0_BUFG_INST" located at site "BUFGCTRL_X0Y4"
#startgroup
create_pblock {CLKAG_clock_generator_0/CLKOUT0}
add_cells_to_pblock [get_pblocks  {CLKAG_clock_generator_0/CLKOUT0}] [get_cells -filter { PRIMITIVE_GROUP != I/O && IS_PRIMITIVE==1 && PRIMITIVE_LEVEL !=INTERNAL } -of_object [get_pins -filter {DIRECTION==IN} -of_objects [get_nets -hierarchical -filter {PARENT=="clock_generator_0/CLKOUT0"}]]]
resize_pblock [get_pblocks {CLKAG_clock_generator_0/CLKOUT0}] -add {CLOCKREGION_X0Y0:CLOCKREGION_X0Y0 CLOCKREGION_X0Y1:CLOCKREGION_X0Y1}
#endgroup

# Clock net "axi_clkgen_0/clk" driven by instance "axi_clkgen_0/axi_clkgen_0/USER_LOGIC_I/i_clkgen/i_buf" located at site "BUFGCTRL_X0Y0"
#startgroup
create_pblock {CLKAG_axi_clkgen_0/clk}
add_cells_to_pblock [get_pblocks  {CLKAG_axi_clkgen_0/clk}] [get_cells -filter { PRIMITIVE_GROUP != I/O && IS_PRIMITIVE==1 && PRIMITIVE_LEVEL !=INTERNAL } -of_object [get_pins -filter {DIRECTION==IN} -of_objects [get_nets -hierarchical -filter {PARENT=="axi_clkgen_0/clk"}]]]
resize_pblock [get_pblocks {CLKAG_axi_clkgen_0/clk}] -add {CLOCKREGION_X0Y1:CLOCKREGION_X0Y1 CLOCKREGION_X1Y0:CLOCKREGION_X1Y0 CLOCKREGION_X1Y1:CLOCKREGION_X1Y1}
#endgroup

# Clock net "aout[-1111111080]_i_2_n_1" driven by instance "aout[-1111111080]_i_2" located at site "BUFGCTRL_X0Y3"
#startgroup
create_pblock {CLKAG_aout[-1111111080]_i_2_n_1}
add_cells_to_pblock [get_pblocks  {CLKAG_aout[-1111111080]_i_2_n_1}] [get_cells -filter { PRIMITIVE_GROUP != I/O && IS_PRIMITIVE==1 && PRIMITIVE_LEVEL !=INTERNAL } -of_object [get_pins -filter {DIRECTION==IN} -of_objects [get_nets -hierarchical -filter {PARENT=="aout[-1111111080]_i_2_n_1"}]]]
resize_pblock [get_pblocks {CLKAG_aout[-1111111080]_i_2_n_1}] -add {CLOCKREGION_X0Y2:CLOCKREGION_X0Y2}
#endgroup

# Clock net "accelerator/adderin20" driven by instance "adderin2[-1111111080]_i_1" located at site "BUFGCTRL_X0Y2"
#startgroup
create_pblock {CLKAG_accelerator/adderin20}
add_cells_to_pblock [get_pblocks  {CLKAG_accelerator/adderin20}] [get_cells -filter { PRIMITIVE_GROUP != I/O && IS_PRIMITIVE==1 && PRIMITIVE_LEVEL !=INTERNAL } -of_object [get_pins -filter {DIRECTION==IN} -of_objects [get_nets -hierarchical -filter {PARENT=="accelerator/adderin20"}]]]
resize_pblock [get_pblocks {CLKAG_accelerator/adderin20}] -add {CLOCKREGION_X0Y1:CLOCKREGION_X0Y1 CLOCKREGION_X0Y2:CLOCKREGION_X0Y2}
#endgroup

# Clock net "MYIP_TOP_0/accelerator/clkgene/inst/clkout" driven by instance "MYIP_TOP_0/accelerator/clkgene/inst/clkout1_buf" located at site "BUFGCTRL_X0Y18"
#startgroup
create_pblock {CLKAG_MYIP_TOP_0/accelerator/clkgene/inst/clkout}
add_cells_to_pblock [get_pblocks  {CLKAG_MYIP_TOP_0/accelerator/clkgene/inst/clkout}] [get_cells -filter { PRIMITIVE_GROUP != I/O && IS_PRIMITIVE==1 && PRIMITIVE_LEVEL !=INTERNAL } -of_object [get_pins -filter {DIRECTION==IN} -of_objects [get_nets -hierarchical -filter {PARENT=="MYIP_TOP_0/accelerator/clkgene/inst/clkout"}]]]
resize_pblock [get_pblocks {CLKAG_MYIP_TOP_0/accelerator/clkgene/inst/clkout}] -add {CLOCKREGION_X0Y1:CLOCKREGION_X0Y1 CLOCKREGION_X0Y2:CLOCKREGION_X0Y2 CLOCKREGION_X1Y1:CLOCKREGION_X1Y1 CLOCKREGION_X1Y2:CLOCKREGION_X1Y2}
#endgroup
