Copyright 1986-2018 Xilinx, Inc. All Rights Reserved.
----------------------------------------------------------------------------------------------------------------------------------------
| Tool Version     : Vivado v.2018.1 (win64) Build 2188600 Wed Apr  4 18:40:38 MDT 2018
| Date             : Thu Jun 14 19:54:48 2018
| Host             : MSI running 64-bit major release  (build 9200)
| Command          : report_power -file system_power_routed.rpt -pb system_power_summary_routed.pb -rpx system_power_routed.rpx
| Design           : system
| Device           : xc7z020clg484-1
| Design State     : routed
| Grade            : commercial
| Process          : typical
| Characterization : Production
----------------------------------------------------------------------------------------------------------------------------------------

Power Report

Table of Contents
-----------------
1. Summary
1.1 On-Chip Components
1.2 Power Supply Summary
1.3 Confidence Level
2. Settings
2.1 Environment
2.2 Clock Constraints
3. Detailed Reports
3.1 By Hierarchy

1. Summary
----------

+--------------------------+--------------+
| Total On-Chip Power (W)  | 0.458        |
| Design Power Budget (W)  | Unspecified* |
| Power Budget Margin (W)  | NA           |
| Dynamic (W)              | 0.346        |
| Device Static (W)        | 0.112        |
| Effective TJA (C/W)      | 11.5         |
| Max Ambient (C)          | 79.7         |
| Junction Temperature (C) | 30.3         |
| Confidence Level         | Low          |
| Setting File             | ---          |
| Simulation Activity File | ---          |
| Design Nets Matched      | NA           |
+--------------------------+--------------+
* Specify Design Power Budget using, set_operating_conditions -design_power_budget <value in Watts>


1.1 On-Chip Components
----------------------

+--------------------------+-----------+----------+-----------+-----------------+
| On-Chip                  | Power (W) | Used     | Available | Utilization (%) |
+--------------------------+-----------+----------+-----------+-----------------+
| Clocks                   |     0.026 |        5 |       --- |             --- |
| Slice Logic              |     0.024 |    21862 |       --- |             --- |
|   LUT as Logic           |     0.019 |     9047 |     53200 |           17.01 |
|   CARRY4                 |     0.002 |      568 |     13300 |            4.27 |
|   Register               |     0.001 |    10242 |    106400 |            9.63 |
|   LUT as Shift Register  |     0.001 |      386 |     17400 |            2.22 |
|   LUT as Distributed RAM |    <0.001 |      172 |     17400 |            0.99 |
|   BUFG                   |    <0.001 |        9 |        32 |           28.13 |
|   F7/F8 Muxes            |    <0.001 |      101 |     53200 |            0.19 |
|   Others                 |    <0.001 |      812 |       --- |             --- |
| Signals                  |     0.030 |    16597 |       --- |             --- |
| Block RAM                |     0.003 |        8 |       140 |            5.71 |
| MMCM                     |     0.212 |        3 |         4 |           75.00 |
| DSPs                     |    <0.001 |        2 |       220 |            0.91 |
| I/O                      |     0.050 |       99 |       200 |           49.50 |
| PS7                      |     0.000 |        1 |       --- |             --- |
| Static Power             |     0.112 |          |           |                 |
| Total                    |     0.458 |          |           |                 |
+--------------------------+-----------+----------+-----------+-----------------+


1.2 Power Supply Summary
------------------------

+-----------+-------------+-----------+-------------+------------+
| Source    | Voltage (V) | Total (A) | Dynamic (A) | Static (A) |
+-----------+-------------+-----------+-------------+------------+
| Vccint    |       1.000 |     0.093 |       0.084 |      0.009 |
| Vccaux    |       1.800 |     0.131 |       0.120 |      0.011 |
| Vcco33    |       3.300 |     0.015 |       0.014 |      0.001 |
| Vcco25    |       2.500 |     0.000 |       0.000 |      0.000 |
| Vcco18    |       1.800 |     0.000 |       0.000 |      0.000 |
| Vcco15    |       1.500 |     0.000 |       0.000 |      0.000 |
| Vcco135   |       1.350 |     0.000 |       0.000 |      0.000 |
| Vcco12    |       1.200 |     0.000 |       0.000 |      0.000 |
| Vccaux_io |       1.800 |     0.000 |       0.000 |      0.000 |
| Vccbram   |       1.000 |     0.001 |       0.000 |      0.001 |
| MGTAVcc   |       1.000 |     0.000 |       0.000 |      0.000 |
| MGTAVtt   |       1.200 |     0.000 |       0.000 |      0.000 |
| MGTVccaux |       1.800 |     0.000 |       0.000 |      0.000 |
| Vccpint   |       1.000 |     0.019 |       0.000 |      0.019 |
| Vccpaux   |       1.800 |     0.010 |       0.000 |      0.010 |
| Vccpll    |       1.800 |     0.003 |       0.000 |      0.003 |
| Vcco_ddr  |       1.500 |     0.000 |       0.000 |      0.000 |
| Vcco_mio0 |       1.800 |     0.000 |       0.000 |      0.000 |
| Vcco_mio1 |       1.800 |     0.000 |       0.000 |      0.000 |
| Vccadc    |       1.800 |     0.020 |       0.000 |      0.020 |
+-----------+-------------+-----------+-------------+------------+


1.3 Confidence Level
--------------------

+-----------------------------+------------+--------------------------------------------------------+--------------------------------------------------------------------------------------------------------------------+
| User Input Data             | Confidence | Details                                                | Action                                                                                                             |
+-----------------------------+------------+--------------------------------------------------------+--------------------------------------------------------------------------------------------------------------------+
| Design implementation state | High       | Design is routed                                       |                                                                                                                    |
| Clock nodes activity        | Low        | User specified less than 75% of clocks                 | Provide missing clock activity with a constraint file, simulation results or by editing the "By Clock Domain" view |
| I/O nodes activity          | Low        | More than 75% of inputs are missing user specification | Provide missing input activity with simulation results or by editing the "By Resource Type -> I/Os" view           |
| Internal nodes activity     | Medium     | User specified less than 25% of internal nodes         | Provide missing internal nodes activity with simulation results or by editing the "By Resource Type" views         |
| Device models               | High       | Device models are Production                           |                                                                                                                    |
|                             |            |                                                        |                                                                                                                    |
| Overall confidence level    | Low        |                                                        |                                                                                                                    |
+-----------------------------+------------+--------------------------------------------------------+--------------------------------------------------------------------------------------------------------------------+


2. Settings
-----------

2.1 Environment
---------------

+-----------------------+------------------------+
| Ambient Temp (C)      | 25.0                   |
| ThetaJA (C/W)         | 11.5                   |
| Airflow (LFM)         | 250                    |
| Heat Sink             | none                   |
| ThetaSA (C/W)         | 0.0                    |
| Board Selection       | medium (10"x10")       |
| # of Board Layers     | 8to11 (8 to 11 Layers) |
| Board Temperature (C) | 25.0                   |
+-----------------------+------------------------+


2.2 Clock Constraints
---------------------

+---------------------------------------------+------------------------------------------------------+-----------------+
| Clock                                       | Domain                                               | Constraint (ns) |
+---------------------------------------------+------------------------------------------------------+-----------------+
| MYIP_TOP_0/accelerator/clkgene/inst/clk_in1 | processing_system7_0/FCLK_CLK0                       |            10.0 |
| clkfbout_clkwiz0                            | MYIP_TOP_0/accelerator/clkgene/inst/clkfbout_clkwiz0 |            10.0 |
| clkout_clkwiz0                              | MYIP_TOP_0/accelerator/clkgene/inst/clkout_clkwiz0   |            20.0 |
+---------------------------------------------+------------------------------------------------------+-----------------+


3. Detailed Reports
-------------------

3.1 By Hierarchy
----------------

+------------------------------------------------------------------------------------------------------------------------------------------------------------------------------------------------+-----------+
| Name                                                                                                                                                                                           | Power (W) |
+------------------------------------------------------------------------------------------------------------------------------------------------------------------------------------------------+-----------+
| system                                                                                                                                                                                         |     0.346 |
|   MYIP_TOP_0                                                                                                                                                                                   |     0.119 |
|     accelerator                                                                                                                                                                                |     0.119 |
|       clkgene                                                                                                                                                                                  |     0.106 |
|         inst                                                                                                                                                                                   |     0.106 |
|       memory                                                                                                                                                                                   |    <0.001 |
|         mem_reg_0_63_0_0                                                                                                                                                                       |    <0.001 |
|         mem_reg_0_63_10_10                                                                                                                                                                     |    <0.001 |
|         mem_reg_0_63_11_11                                                                                                                                                                     |    <0.001 |
|         mem_reg_0_63_12_12                                                                                                                                                                     |    <0.001 |
|         mem_reg_0_63_13_13                                                                                                                                                                     |    <0.001 |
|         mem_reg_0_63_14_14                                                                                                                                                                     |    <0.001 |
|         mem_reg_0_63_15_15                                                                                                                                                                     |    <0.001 |
|         mem_reg_0_63_16_16                                                                                                                                                                     |    <0.001 |
|         mem_reg_0_63_17_17                                                                                                                                                                     |    <0.001 |
|         mem_reg_0_63_18_18                                                                                                                                                                     |    <0.001 |
|         mem_reg_0_63_19_19                                                                                                                                                                     |    <0.001 |
|         mem_reg_0_63_1_1                                                                                                                                                                       |    <0.001 |
|         mem_reg_0_63_20_20                                                                                                                                                                     |    <0.001 |
|         mem_reg_0_63_21_21                                                                                                                                                                     |    <0.001 |
|         mem_reg_0_63_22_22                                                                                                                                                                     |    <0.001 |
|         mem_reg_0_63_23_23                                                                                                                                                                     |    <0.001 |
|         mem_reg_0_63_24_24                                                                                                                                                                     |    <0.001 |
|         mem_reg_0_63_25_25                                                                                                                                                                     |    <0.001 |
|         mem_reg_0_63_26_26                                                                                                                                                                     |    <0.001 |
|         mem_reg_0_63_27_27                                                                                                                                                                     |    <0.001 |
|         mem_reg_0_63_28_28                                                                                                                                                                     |    <0.001 |
|         mem_reg_0_63_29_29                                                                                                                                                                     |    <0.001 |
|         mem_reg_0_63_2_2                                                                                                                                                                       |    <0.001 |
|         mem_reg_0_63_30_30                                                                                                                                                                     |    <0.001 |
|         mem_reg_0_63_31_31                                                                                                                                                                     |    <0.001 |
|         mem_reg_0_63_3_3                                                                                                                                                                       |    <0.001 |
|         mem_reg_0_63_4_4                                                                                                                                                                       |    <0.001 |
|         mem_reg_0_63_5_5                                                                                                                                                                       |    <0.001 |
|         mem_reg_0_63_6_6                                                                                                                                                                       |    <0.001 |
|         mem_reg_0_63_7_7                                                                                                                                                                       |    <0.001 |
|         mem_reg_0_63_8_8                                                                                                                                                                       |    <0.001 |
|         mem_reg_0_63_9_9                                                                                                                                                                       |    <0.001 |
|       mpy                                                                                                                                                                                      |     0.004 |
|         M1                                                                                                                                                                                     |     0.002 |
|           norm1                                                                                                                                                                                |    <0.001 |
|       test                                                                                                                                                                                     |     0.007 |
|         alignment                                                                                                                                                                              |     0.002 |
|         calculation                                                                                                                                                                            |    <0.001 |
|         normalization                                                                                                                                                                          |    <0.001 |
|         reg_ac                                                                                                                                                                                 |     0.001 |
|         reg_cn                                                                                                                                                                                 |     0.004 |
|   axi_ahblite_bridge_0                                                                                                                                                                         |     0.002 |
|   axi_clkgen_0                                                                                                                                                                                 |     0.056 |
|   axi_dma_0                                                                                                                                                                                    |     0.011 |
|     axi_dma_0/I_PRMRY_DATAMOVER/GEN_MM2S_FULL.I_MM2S_FULL_WRAPPER/GEN_INCLUDE_MM2S_SF.I_RD_SF/I_DATA_FIFO/I_SYNC_FIFOGEN_FIFO/V6_S6_AND_LATER.I_SYNC_FIFO_BRAM                                 |     0.001 |
|   axi_hdmi_tx_16b_0                                                                                                                                                                            |     0.026 |
|   axi_iic_0                                                                                                                                                                                    |     0.003 |
|   axi_interconnect_0                                                                                                                                                                           |     0.002 |
|   axi_interconnect_1                                                                                                                                                                           |     0.011 |
|     axi_interconnect_1/mi_protocol_conv_bank/gen_protocol_slot[0].gen_prot_conv.conv_inst/gen_axi3.axi3_conv_inst/USE_READ.USE_SPLIT.read_addr_inst/USE_R_CHANNEL.cmd_queue/inst/fifo_gen_inst |    <0.001 |
|       U0/xst_fifo_generator/gconvfifo.rf/grf.rf/gntv_or_sync_fifo.mem/gdm.dm/Mram_RAM                                                                                                          |    <0.001 |
|     axi_interconnect_1/mi_protocol_conv_bank/gen_protocol_slot[0].gen_prot_conv.conv_inst/gen_axi3.axi3_conv_inst/USE_WRITE.write_addr_inst/USE_BURSTS.cmd_queue/inst/fifo_gen_inst            |    <0.001 |
|       U0/xst_fifo_generator/gconvfifo.rf/grf.rf/gntv_or_sync_fifo.mem/gdm.dm/Mram_RAM                                                                                                          |    <0.001 |
|     axi_interconnect_1/mi_protocol_conv_bank/gen_protocol_slot[0].gen_prot_conv.conv_inst/gen_axi3.axi3_conv_inst/USE_WRITE.write_addr_inst/USE_B_CHANNEL.cmd_b_queue/inst/fifo_gen_inst       |    <0.001 |
|       U0/xst_fifo_generator/gconvfifo.rf/grf.rf/gntv_or_sync_fifo.mem/gdm.dm/Mram_RAM                                                                                                          |    <0.001 |
|     axi_interconnect_1/si_converter_bank/gen_conv_slot[0].gen_upsizer.upsizer_inst/USE_READ.read_data_inst/USE_FPGA_LENGTH.BIT_LANE[0].LUT6_2_inst                                             |    <0.001 |
|     axi_interconnect_1/si_converter_bank/gen_conv_slot[0].gen_upsizer.upsizer_inst/USE_READ.read_data_inst/USE_FPGA_LENGTH.BIT_LANE[1].LUT6_2_inst                                             |    <0.001 |
|     axi_interconnect_1/si_converter_bank/gen_conv_slot[0].gen_upsizer.upsizer_inst/USE_READ.read_data_inst/USE_FPGA_LENGTH.BIT_LANE[2].LUT6_2_inst                                             |    <0.001 |
|     axi_interconnect_1/si_converter_bank/gen_conv_slot[0].gen_upsizer.upsizer_inst/USE_READ.read_data_inst/USE_FPGA_LENGTH.BIT_LANE[3].LUT6_2_inst                                             |    <0.001 |
|     axi_interconnect_1/si_converter_bank/gen_conv_slot[0].gen_upsizer.upsizer_inst/USE_READ.read_data_inst/USE_FPGA_LENGTH.BIT_LANE[4].LUT6_2_inst                                             |    <0.001 |
|     axi_interconnect_1/si_converter_bank/gen_conv_slot[0].gen_upsizer.upsizer_inst/USE_READ.read_data_inst/USE_FPGA_LENGTH.BIT_LANE[5].LUT6_2_inst                                             |    <0.001 |
|     axi_interconnect_1/si_converter_bank/gen_conv_slot[0].gen_upsizer.upsizer_inst/USE_READ.read_data_inst/USE_FPGA_LENGTH.BIT_LANE[6].LUT6_2_inst                                             |    <0.001 |
|     axi_interconnect_1/si_converter_bank/gen_conv_slot[0].gen_upsizer.upsizer_inst/USE_READ.read_data_inst/USE_FPGA_LENGTH.BIT_LANE[7].LUT6_2_inst                                             |    <0.001 |
|     axi_interconnect_1/si_converter_bank/gen_conv_slot[0].gen_upsizer.upsizer_inst/USE_READ.read_data_inst/USE_FPGA_NEXT_WORD.LUT_LEVEL[0].LUT6_2_inst                                         |     0.000 |
|     axi_interconnect_1/si_converter_bank/gen_conv_slot[0].gen_upsizer.upsizer_inst/USE_READ.read_data_inst/USE_FPGA_NEXT_WORD.LUT_LEVEL[1].LUT6_2_inst                                         |     0.000 |
|     axi_interconnect_1/si_converter_bank/gen_conv_slot[0].gen_upsizer.upsizer_inst/USE_READ.read_data_inst/USE_FPGA_NEXT_WORD.LUT_LEVEL[2].LUT6_2_inst                                         |     0.000 |
|     axi_interconnect_1/si_converter_bank/gen_conv_slot[0].gen_upsizer.upsizer_inst/USE_WRITE.write_data_inst/USE_FPGA_NEXT_WORD.LUT_LEVEL[0].LUT6_2_inst                                       |     0.000 |
|     axi_interconnect_1/si_converter_bank/gen_conv_slot[0].gen_upsizer.upsizer_inst/USE_WRITE.write_data_inst/USE_FPGA_NEXT_WORD.LUT_LEVEL[1].LUT6_2_inst                                       |     0.000 |
|     axi_interconnect_1/si_converter_bank/gen_conv_slot[0].gen_upsizer.upsizer_inst/USE_WRITE.write_data_inst/USE_FPGA_NEXT_WORD.LUT_LEVEL[2].LUT6_2_inst                                       |     0.000 |
|     axi_interconnect_1/si_converter_bank/gen_conv_slot[1].gen_upsizer.upsizer_inst/USE_READ.read_data_inst/USE_FPGA_LENGTH.BIT_LANE[0].LUT6_2_inst                                             |    <0.001 |
|     axi_interconnect_1/si_converter_bank/gen_conv_slot[1].gen_upsizer.upsizer_inst/USE_READ.read_data_inst/USE_FPGA_LENGTH.BIT_LANE[1].LUT6_2_inst                                             |    <0.001 |
|     axi_interconnect_1/si_converter_bank/gen_conv_slot[1].gen_upsizer.upsizer_inst/USE_READ.read_data_inst/USE_FPGA_LENGTH.BIT_LANE[2].LUT6_2_inst                                             |    <0.001 |
|     axi_interconnect_1/si_converter_bank/gen_conv_slot[1].gen_upsizer.upsizer_inst/USE_READ.read_data_inst/USE_FPGA_LENGTH.BIT_LANE[3].LUT6_2_inst                                             |    <0.001 |
|     axi_interconnect_1/si_converter_bank/gen_conv_slot[1].gen_upsizer.upsizer_inst/USE_READ.read_data_inst/USE_FPGA_LENGTH.BIT_LANE[4].LUT6_2_inst                                             |    <0.001 |
|     axi_interconnect_1/si_converter_bank/gen_conv_slot[1].gen_upsizer.upsizer_inst/USE_READ.read_data_inst/USE_FPGA_LENGTH.BIT_LANE[5].LUT6_2_inst                                             |    <0.001 |
|     axi_interconnect_1/si_converter_bank/gen_conv_slot[1].gen_upsizer.upsizer_inst/USE_READ.read_data_inst/USE_FPGA_LENGTH.BIT_LANE[6].LUT6_2_inst                                             |    <0.001 |
|     axi_interconnect_1/si_converter_bank/gen_conv_slot[1].gen_upsizer.upsizer_inst/USE_READ.read_data_inst/USE_FPGA_LENGTH.BIT_LANE[7].LUT6_2_inst                                             |    <0.001 |
|     axi_interconnect_1/si_converter_bank/gen_conv_slot[1].gen_upsizer.upsizer_inst/USE_READ.read_data_inst/USE_FPGA_NEXT_WORD.LUT_LEVEL[0].LUT6_2_inst                                         |     0.000 |
|     axi_interconnect_1/si_converter_bank/gen_conv_slot[1].gen_upsizer.upsizer_inst/USE_READ.read_data_inst/USE_FPGA_NEXT_WORD.LUT_LEVEL[1].LUT6_2_inst                                         |     0.000 |
|     axi_interconnect_1/si_converter_bank/gen_conv_slot[1].gen_upsizer.upsizer_inst/USE_READ.read_data_inst/USE_FPGA_NEXT_WORD.LUT_LEVEL[2].LUT6_2_inst                                         |     0.000 |
|     axi_interconnect_1/si_data_fifo_bank/gen_fifo_slot[1].data_fifo_inst/gen_fifo.fifo_gen_inst                                                                                                |     0.003 |
|       U0/xst_fifo_generator/gaxi_full_lite.gread_ch.grdch2.axi_rdch/grf.rf/gntv_or_sync_fifo.mem/gbm.gbmg.gbmga.ngecc.bmg/gnativebmg.native_blk_mem_gen/valid.cstr                             |     0.002 |
|   axi_interconnect_2                                                                                                                                                                           |    <0.001 |
|     axi_interconnect_2/mi_protocol_conv_bank/gen_protocol_slot[0].gen_prot_conv.conv_inst/gen_axi3.axi3_conv_inst/USE_READ.USE_SPLIT.read_addr_inst/USE_R_CHANNEL.cmd_queue/inst/fifo_gen_inst |    <0.001 |
|       U0/xst_fifo_generator/gconvfifo.rf/grf.rf/gntv_or_sync_fifo.mem/gdm.dm/Mram_RAM                                                                                                          |    <0.001 |
|     axi_interconnect_2/mi_protocol_conv_bank/gen_protocol_slot[0].gen_prot_conv.conv_inst/gen_axi3.axi3_conv_inst/USE_WRITE.write_addr_inst/USE_BURSTS.cmd_queue/inst/fifo_gen_inst            |    <0.001 |
|       U0/xst_fifo_generator/gconvfifo.rf/grf.rf/gntv_or_sync_fifo.mem/gdm.dm/Mram_RAM                                                                                                          |     0.000 |
|     axi_interconnect_2/mi_protocol_conv_bank/gen_protocol_slot[0].gen_prot_conv.conv_inst/gen_axi3.axi3_conv_inst/USE_WRITE.write_addr_inst/USE_B_CHANNEL.cmd_b_queue/inst/fifo_gen_inst       |    <0.001 |
|       U0/xst_fifo_generator/gconvfifo.rf/grf.rf/gntv_or_sync_fifo.mem/gdm.dm/Mram_RAM                                                                                                          |     0.000 |
|     axi_interconnect_2/si_data_fifo_bank/gen_fifo_slot[0].data_fifo_inst/gen_fifo.fifo_gen_inst                                                                                                |    <0.001 |
|       U0/xst_fifo_generator/gaxi_full_lite.gread_ch.grdch2.axi_rdch/grf.rf/gntv_or_sync_fifo.mem/gbm.gbmg.gbmga.ngecc.bmg/gnativebmg.native_blk_mem_gen/valid.cstr                             |    <0.001 |
|   axi_interconnect_3                                                                                                                                                                           |    <0.001 |
|   axi_spdif_tx_0                                                                                                                                                                               |     0.002 |
|     axi_spdif_tx_0/USER_LOGIC_I/Mram_audio_fifo1                                                                                                                                               |    <0.001 |
|     axi_spdif_tx_0/USER_LOGIC_I/Mram_audio_fifo10                                                                                                                                              |    <0.001 |
|     axi_spdif_tx_0/USER_LOGIC_I/Mram_audio_fifo11                                                                                                                                              |    <0.001 |
|     axi_spdif_tx_0/USER_LOGIC_I/Mram_audio_fifo12                                                                                                                                              |    <0.001 |
|     axi_spdif_tx_0/USER_LOGIC_I/Mram_audio_fifo13                                                                                                                                              |    <0.001 |
|     axi_spdif_tx_0/USER_LOGIC_I/Mram_audio_fifo14                                                                                                                                              |    <0.001 |
|     axi_spdif_tx_0/USER_LOGIC_I/Mram_audio_fifo15                                                                                                                                              |    <0.001 |
|     axi_spdif_tx_0/USER_LOGIC_I/Mram_audio_fifo16                                                                                                                                              |    <0.001 |
|     axi_spdif_tx_0/USER_LOGIC_I/Mram_audio_fifo17                                                                                                                                              |    <0.001 |
|     axi_spdif_tx_0/USER_LOGIC_I/Mram_audio_fifo18                                                                                                                                              |    <0.001 |
|     axi_spdif_tx_0/USER_LOGIC_I/Mram_audio_fifo19                                                                                                                                              |    <0.001 |
|     axi_spdif_tx_0/USER_LOGIC_I/Mram_audio_fifo2                                                                                                                                               |    <0.001 |
|     axi_spdif_tx_0/USER_LOGIC_I/Mram_audio_fifo20                                                                                                                                              |    <0.001 |
|     axi_spdif_tx_0/USER_LOGIC_I/Mram_audio_fifo211                                                                                                                                             |    <0.001 |
|     axi_spdif_tx_0/USER_LOGIC_I/Mram_audio_fifo212                                                                                                                                             |    <0.001 |
|     axi_spdif_tx_0/USER_LOGIC_I/Mram_audio_fifo221                                                                                                                                             |    <0.001 |
|     axi_spdif_tx_0/USER_LOGIC_I/Mram_audio_fifo222                                                                                                                                             |    <0.001 |
|     axi_spdif_tx_0/USER_LOGIC_I/Mram_audio_fifo3                                                                                                                                               |    <0.001 |
|     axi_spdif_tx_0/USER_LOGIC_I/Mram_audio_fifo4                                                                                                                                               |    <0.001 |
|     axi_spdif_tx_0/USER_LOGIC_I/Mram_audio_fifo5                                                                                                                                               |    <0.001 |
|     axi_spdif_tx_0/USER_LOGIC_I/Mram_audio_fifo6                                                                                                                                               |    <0.001 |
|     axi_spdif_tx_0/USER_LOGIC_I/Mram_audio_fifo7                                                                                                                                               |    <0.001 |
|     axi_spdif_tx_0/USER_LOGIC_I/Mram_audio_fifo8                                                                                                                                               |    <0.001 |
|     axi_spdif_tx_0/USER_LOGIC_I/Mram_audio_fifo9                                                                                                                                               |    <0.001 |
|   axi_vdma_0                                                                                                                                                                                   |     0.006 |
|     axi_vdma_0/GEN_SPRT_FOR_MM2S.MM2S_LINEBUFFER_I/GEN_LINEBUFFER.GEN_ASYNC_FIFO.I_LINEBUFFER_FIFO/I_ASYNC_FIFOGEN_FIFO/USE_2N_DEPTH.V6_S6_AND_LATER.I_ASYNC_FIFO_BRAM                         |     0.001 |
|   clock_generator_0                                                                                                                                                                            |     0.053 |
|   iobuf_0                                                                                                                                                                                      |     0.000 |
|   iobuf_1                                                                                                                                                                                      |     0.000 |
|   iobuf_10                                                                                                                                                                                     |    <0.001 |
|   iobuf_11                                                                                                                                                                                     |    <0.001 |
|   iobuf_12                                                                                                                                                                                     |    <0.001 |
|   iobuf_13                                                                                                                                                                                     |    <0.001 |
|   iobuf_14                                                                                                                                                                                     |    <0.001 |
|   iobuf_15                                                                                                                                                                                     |    <0.001 |
|   iobuf_16                                                                                                                                                                                     |    <0.001 |
|   iobuf_17                                                                                                                                                                                     |    <0.001 |
|   iobuf_18                                                                                                                                                                                     |    <0.001 |
|   iobuf_19                                                                                                                                                                                     |    <0.001 |
|   iobuf_2                                                                                                                                                                                      |    <0.001 |
|   iobuf_20                                                                                                                                                                                     |    <0.001 |
|   iobuf_21                                                                                                                                                                                     |    <0.001 |
|   iobuf_22                                                                                                                                                                                     |    <0.001 |
|   iobuf_23                                                                                                                                                                                     |    <0.001 |
|   iobuf_24                                                                                                                                                                                     |    <0.001 |
|   iobuf_25                                                                                                                                                                                     |    <0.001 |
|   iobuf_26                                                                                                                                                                                     |    <0.001 |
|   iobuf_27                                                                                                                                                                                     |    <0.001 |
|   iobuf_28                                                                                                                                                                                     |    <0.001 |
|   iobuf_29                                                                                                                                                                                     |    <0.001 |
|   iobuf_3                                                                                                                                                                                      |    <0.001 |
|   iobuf_30                                                                                                                                                                                     |    <0.001 |
|   iobuf_31                                                                                                                                                                                     |    <0.001 |
|   iobuf_32                                                                                                                                                                                     |    <0.001 |
|   iobuf_33                                                                                                                                                                                     |    <0.001 |
|   iobuf_34                                                                                                                                                                                     |    <0.001 |
|   iobuf_35                                                                                                                                                                                     |    <0.001 |
|   iobuf_36                                                                                                                                                                                     |    <0.001 |
|   iobuf_37                                                                                                                                                                                     |    <0.001 |
|   iobuf_38                                                                                                                                                                                     |    <0.001 |
|   iobuf_39                                                                                                                                                                                     |    <0.001 |
|   iobuf_4                                                                                                                                                                                      |    <0.001 |
|   iobuf_40                                                                                                                                                                                     |    <0.001 |
|   iobuf_41                                                                                                                                                                                     |    <0.001 |
|   iobuf_42                                                                                                                                                                                     |    <0.001 |
|   iobuf_43                                                                                                                                                                                     |    <0.001 |
|   iobuf_44                                                                                                                                                                                     |    <0.001 |
|   iobuf_45                                                                                                                                                                                     |    <0.001 |
|   iobuf_46                                                                                                                                                                                     |    <0.001 |
|   iobuf_47                                                                                                                                                                                     |    <0.001 |
|   iobuf_48                                                                                                                                                                                     |    <0.001 |
|   iobuf_49                                                                                                                                                                                     |    <0.001 |
|   iobuf_5                                                                                                                                                                                      |    <0.001 |
|   iobuf_50                                                                                                                                                                                     |    <0.001 |
|   iobuf_51                                                                                                                                                                                     |    <0.001 |
|   iobuf_52                                                                                                                                                                                     |    <0.001 |
|   iobuf_53                                                                                                                                                                                     |    <0.001 |
|   iobuf_54                                                                                                                                                                                     |    <0.001 |
|   iobuf_55                                                                                                                                                                                     |    <0.001 |
|   iobuf_56                                                                                                                                                                                     |    <0.001 |
|   iobuf_57                                                                                                                                                                                     |    <0.001 |
|   iobuf_58                                                                                                                                                                                     |    <0.001 |
|   iobuf_59                                                                                                                                                                                     |    <0.001 |
|   iobuf_6                                                                                                                                                                                      |    <0.001 |
|   iobuf_60                                                                                                                                                                                     |    <0.001 |
|   iobuf_61                                                                                                                                                                                     |    <0.001 |
|   iobuf_7                                                                                                                                                                                      |    <0.001 |
|   iobuf_8                                                                                                                                                                                      |    <0.001 |
|   iobuf_9                                                                                                                                                                                      |    <0.001 |
|   processing_system7_0                                                                                                                                                                         |     0.004 |
|   util_vector_logic_0                                                                                                                                                                          |    <0.001 |
|   vga_flyinglogo_0                                                                                                                                                                             |    <0.001 |
|     vga_flyinglogo_0/LOGO_BRAM_INST                                                                                                                                                            |    <0.001 |
|       U0/xst_blk_mem_generator/gnativebmg.native_blk_mem_gen/valid.cstr                                                                                                                        |    <0.001 |
+------------------------------------------------------------------------------------------------------------------------------------------------------------------------------------------------+-----------+


