#-----------------------------------------------------------
# Vivado v2017.2 (64-bit)
# SW Build 1909853 on Thu Jun 15 18:39:09 MDT 2017
# IP Build 1909766 on Thu Jun 15 19:58:00 MDT 2017
# Start of session at: Sun May 27 14:35:58 2018
# Process ID: 8328
# Current directory: C:/Users/ting/Desktop/Backup/Semester2/DD/DDLab/Lab12/LAB 12 FPU/Lab12DemoV1.0
# Command line: vivado.exe -gui_launcher_event rodinguilauncherevent14920 C:\Users\ting\Desktop\Backup\Semester2\DD\DDLab\Lab12\LAB 12 FPU\Lab12DemoV1.0\Lab12Demo.xpr
# Log file: C:/Users/ting/Desktop/Backup/Semester2/DD/DDLab/Lab12/LAB 12 FPU/Lab12DemoV1.0/vivado.log
# Journal file: C:/Users/ting/Desktop/Backup/Semester2/DD/DDLab/Lab12/LAB 12 FPU/Lab12DemoV1.0\vivado.jou
#-----------------------------------------------------------
start_gui
open_project {C:/Users/ting/Desktop/Backup/Semester2/DD/DDLab/Lab12/LAB 12 FPU/Lab12DemoV1.0/Lab12Demo.xpr}
CRITICAL WARNING: [Project 1-19] Could not find the file 'C:/Users/ting/Desktop/Backup/Semester2/DD/DDLab/Lab12/LAB 12 FPU/Lab12DemoV1.0/Lab12Demo.srcs/sources_1/ip/clkwiz/clkwiz.xci'.
Scanning sources...
Finished scanning sources
WARNING: [filemgmt 56-3] IPUserFilesDir: Could not find the directory 'C:/Users/ting/Desktop/Backup/Semester2/DD/DDLab/Lab12/LAB 12 FPU/Lab12DemoV1.0/Lab12Demo.ip_user_files'.
ERROR: [IP_Flow 19-993] Could not find IP file for IP 'clkwiz'.
CRITICAL WARNING: [IP_Flow 19-5097] Unable to determine VLNV from IP file; verify it has the correct syntax: 
INFO: [IP_Flow 19-234] Refreshing IP repositories
INFO: [IP_Flow 19-1704] No user IP repositories specified
INFO: [IP_Flow 19-2313] Loaded Vivado IP repository 'C:/Xilinx/Vivado/2017.2/data/ip'.
ERROR: [Common 17-39] 'open_project' failed due to earlier errors.
create_ip -name clk_wiz -vendor xilinx.com -library ip -version 5.4 -module_name clkwiz -dir {c:/Users/ting/Desktop/Backup/Semester2/DD/DDLab/Lab12/LAB 12 FPU/Lab12DemoV1.0/Lab12Demo.srcs/sources_1/ip}
generate_target {instantiation_template} [get_files {{c:/Users/ting/Desktop/Backup/Semester2/DD/DDLab/Lab12/LAB 12 FPU/Lab12DemoV1.0/Lab12Demo.srcs/sources_1/ip/clkwiz/clkwiz.xci}}]
INFO: [IP_Flow 19-1686] Generating 'Instantiation Template' target for IP 'clkwiz'...
WARNING: [Vivado 12-1783] Unsupported target specified: 'instantiation_template'. Supported targets for this IP are: 'all'. File: 'clkwiz.xci'. 
ERROR: [Vivado 12-1773] No legal targets specified.  Supported targets for this IP are: all. File: 'clkwiz.xci'.
ERROR: [Common 17-39] 'generate_target' failed due to earlier errors.
remove_files  {{c:/Users/ting/Desktop/Backup/Semester2/DD/DDLab/Lab12/LAB 12 FPU/Lab12DemoV1.0/Lab12Demo.srcs/sources_1/ip/clkwiz/clkwiz.xci}}
INFO: [Project 1-385] File 'C:/Users/ting/Desktop/Backup/Semester2/DD/DDLab/Lab12/LAB 12 FPU/Lab12DemoV1.0/Lab12Demo.srcs/sources_1/ip/clkwiz/clkwiz.xci' already exists in fileset 'sources_1'; deleting from fileset 'clkwiz'.
reset_run synth_1
launch_runs impl_1 -to_step write_bitstream -jobs 8
[Sun May 27 14:37:35 2018] Launched synth_1...
Run output will be captured here: C:/Users/ting/Desktop/Backup/Semester2/DD/DDLab/Lab12/LAB 12 FPU/Lab12DemoV1.0/Lab12Demo.runs/synth_1/runme.log
[Sun May 27 14:37:35 2018] Launched impl_1...
Run output will be captured here: C:/Users/ting/Desktop/Backup/Semester2/DD/DDLab/Lab12/LAB 12 FPU/Lab12DemoV1.0/Lab12Demo.runs/impl_1/runme.log
exit
INFO: [Common 17-206] Exiting Vivado at Sun May 27 14:42:35 2018...
