#-----------------------------------------------------------
# Vivado v2017.2 (64-bit)
# SW Build 1909853 on Thu Jun 15 18:39:09 MDT 2017
# IP Build 1909766 on Thu Jun 15 19:58:00 MDT 2017
# Start of session at: Sun May 27 15:23:37 2018
# Process ID: 11488
# Current directory: C:/Users/ASUS/Desktop/Lab 12/Lab12DemoV1.0
# Command line: vivado.exe -gui_launcher_event rodinguilauncherevent15856 C:\Users\ASUS\Desktop\Lab 12\Lab12DemoV1.0\Lab12Demo.xpr
# Log file: C:/Users/ASUS/Desktop/Lab 12/Lab12DemoV1.0/vivado.log
# Journal file: C:/Users/ASUS/Desktop/Lab 12/Lab12DemoV1.0\vivado.jou
#-----------------------------------------------------------
start_gui
open_project {C:/Users/ASUS/Desktop/Lab 12/Lab12DemoV1.0/Lab12Demo.xpr}
INFO: [Project 1-313] Project file moved from 'C:/Users/ting/Desktop/Backup/Semester2/DD/DDLab/Lab12/LAB 12 FPU/Lab12DemoV1.0' since last save.
Scanning sources...
Finished scanning sources
WARNING: [filemgmt 56-2] IPUserFilesDir: Could not find the directory 'C:/Users/ASUS/Desktop/Lab 12/Lab12DemoV1.0/Lab12Demo.ip_user_files', nor could it be found using path 'C:/Users/ting/Desktop/Backup/Semester2/DD/DDLab/Lab12/LAB 12 FPU/Lab12DemoV1.0/Lab12Demo.ip_user_files'.
INFO: [IP_Flow 19-234] Refreshing IP repositories
INFO: [IP_Flow 19-1704] No user IP repositories specified
INFO: [IP_Flow 19-2313] Loaded Vivado IP repository 'C:/Xilinx/Vivado/2017.2/data/ip'.
open_hw
connect_hw_server
INFO: [Labtools 27-2285] Connecting to hw_server url TCP:localhost:3121
open_hw_target
INFO: [Labtoolstcl 44-466] Opening hw_target localhost:3121/xilinx_tcf/Digilent/210248470356
set_property PROGRAM.FILE {C:/Users/ASUS/Desktop/Lab 12/Lab12DemoV1.0/Lab12Demo.runs/impl_1/system.bit} [get_hw_devices xc7z020_1]
current_hw_device [get_hw_devices xc7z020_1]
refresh_hw_device -update_hw_probes false [lindex [get_hw_devices xc7z020_1] 0]
INFO: [Labtools 27-1435] Device xc7z020 (JTAG device index = 1) is not programmed (DONE status = 0).
ERROR: [Labtoolstcl 44-513] HW Target shutdown. Closing target: localhost:3121/xilinx_tcf/Digilent/210248470356
INFO: [Labtoolstcl 44-466] Opening hw_target localhost:3121/xilinx_tcf/Digilent/210248470356
WARNING: [Labtoolstcl 44-129] No matching hw_ila_data was found.
INFO: [Labtools 27-1435] Device xc7z020 (JTAG device index = 1) is not programmed (DONE status = 0).
WARNING: [Labtoolstcl 44-129] No matching hw_ila_data was found.
ERROR: [Labtoolstcl 44-513] HW Target shutdown. Closing target: localhost:3121/xilinx_tcf/Digilent/210248470356
INFO: [Labtoolstcl 44-466] Opening hw_target localhost:3121/xilinx_tcf/Digilent/210248470356
ERROR: [Labtools 27-3133] Error while setting target JTAG Clock Frequency.
exit
INFO: [Common 17-206] Exiting Vivado at Sun May 27 15:29:14 2018...
