#! c:/iverilog-x64/bin/vvp
:ivl_version "10.1 (stable)" "(v10_1_1)";
:ivl_delay_selection "TYPICAL";
:vpi_time_precision - 12;
:vpi_module "system";
:vpi_module "vhdl_sys";
:vpi_module "v2005_math";
:vpi_module "va_math";
S_00000000027cc550 .scope module, "testbench_cont_8bit_adder" "testbench_cont_8bit_adder" 2 2;
 .timescale -9 -12;
v00000000028201c0_0 .var "a", 7 0;
v00000000028208a0_0 .var "b", 7 0;
v0000000002820440_0 .var "c", 8 0;
v0000000002820bc0_0 .var "cin", 0 0;
v00000000028206c0_0 .net "cout", 0 0, L_00000000028203a0;  1 drivers
v0000000002820300_0 .net "sum", 7 0, L_0000000002820b20;  1 drivers
S_0000000000fdd060 .scope module, "DUT" "cont_8bit_adder" 2 8, 3 2 0, S_00000000027cc550;
 .timescale -9 -12;
    .port_info 0 /OUTPUT 8 "sum"
    .port_info 1 /OUTPUT 1 "cout"
    .port_info 2 /INPUT 8 "a"
    .port_info 3 /INPUT 8 "b"
    .port_info 4 /INPUT 1 "cin"
L_0000000002821400 .functor BUFT 1, C4<0>, C4<0>, C4<0>, C4<0>;
v00000000027cc6d0_0 .net *"_s10", 0 0, L_0000000002821400;  1 drivers
v000000000281fdb0_0 .net *"_s11", 8 0, L_0000000002820580;  1 drivers
v000000000281fe50_0 .net *"_s13", 8 0, L_00000000028204e0;  1 drivers
L_0000000002821448 .functor BUFT 1, C4<00000000>, C4<0>, C4<0>, C4<0>;
v000000000281fef0_0 .net *"_s16", 7 0, L_0000000002821448;  1 drivers
v0000000000fdd1e0_0 .net *"_s17", 8 0, L_0000000002820760;  1 drivers
v0000000000fdd280_0 .net *"_s3", 8 0, L_0000000002820ee0;  1 drivers
L_00000000028213b8 .functor BUFT 1, C4<0>, C4<0>, C4<0>, C4<0>;
v0000000000fdd320_0 .net *"_s6", 0 0, L_00000000028213b8;  1 drivers
v0000000000fdd3c0_0 .net *"_s7", 8 0, L_0000000002820620;  1 drivers
v00000000027cca30_0 .net "a", 7 0, v00000000028201c0_0;  1 drivers
v00000000027ccb60_0 .net "b", 7 0, v00000000028208a0_0;  1 drivers
v00000000027ccc00_0 .net "cin", 0 0, v0000000002820bc0_0;  1 drivers
v00000000028209e0_0 .net "cout", 0 0, L_00000000028203a0;  alias, 1 drivers
v0000000002820a80_0 .net "sum", 7 0, L_0000000002820b20;  alias, 1 drivers
L_00000000028203a0 .part L_0000000002820760, 8, 1;
L_0000000002820b20 .part L_0000000002820760, 0, 8;
L_0000000002820ee0 .concat [ 8 1 0 0], v00000000028201c0_0, L_00000000028213b8;
L_0000000002820620 .concat [ 8 1 0 0], v00000000028208a0_0, L_0000000002821400;
L_0000000002820580 .arith/sum 9, L_0000000002820ee0, L_0000000002820620;
L_00000000028204e0 .concat [ 1 8 0 0], v0000000002820bc0_0, L_0000000002821448;
L_0000000002820760 .arith/sum 9, L_0000000002820580, L_00000000028204e0;
    .scope S_00000000027cc550;
T_0 ;
    %vpi_call 2 11 "$dumpfile", "cont_8bit_adder.vcd" {0 0 0};
    %vpi_call 2 12 "$dumpvars" {0 0 0};
    %end;
    .thread T_0;
    .scope S_00000000027cc550;
T_1 ;
    %pushi/vec4 0, 0, 8;
    %store/vec4 v00000000028201c0_0, 0, 8;
    %pushi/vec4 0, 0, 8;
    %store/vec4 v00000000028208a0_0, 0, 8;
    %pushi/vec4 0, 0, 9;
    %store/vec4 v0000000002820440_0, 0, 9;
    %pushi/vec4 0, 0, 1;
    %store/vec4 v0000000002820bc0_0, 0, 1;
    %end;
    .thread T_1;
    .scope S_00000000027cc550;
T_2 ;
    %delay 1000, 0;
    %vpi_call 2 24 "$monitor", "%4dns a=%d b=%d sum=%d IsWrong=%d  ans=%d", $stime, v00000000028201c0_0, v00000000028208a0_0, v0000000002820300_0, v00000000028206c0_0, v0000000002820440_0 {0 0 0};
    %load/vec4 v00000000028201c0_0;
    %addi 1, 0, 8;
    %store/vec4 v00000000028201c0_0, 0, 8;
    %jmp T_2;
    .thread T_2;
    .scope S_00000000027cc550;
T_3 ;
    %delay 256000, 0;
    %load/vec4 v00000000028208a0_0;
    %addi 1, 0, 8;
    %store/vec4 v00000000028208a0_0, 0, 8;
    %jmp T_3;
    .thread T_3;
    .scope S_00000000027cc550;
T_4 ;
    %delay 256000, 0;
    %pushi/vec4 0, 0, 8;
    %store/vec4 v00000000028201c0_0, 0, 8;
    %jmp T_4;
    .thread T_4;
    .scope S_00000000027cc550;
T_5 ;
    %delay 1000, 0;
    %load/vec4 v00000000028201c0_0;
    %pad/u 9;
    %load/vec4 v00000000028208a0_0;
    %pad/u 9;
    %add;
    %store/vec4 v0000000002820440_0, 0, 9;
    %jmp T_5;
    .thread T_5;
    .scope S_00000000027cc550;
T_6 ;
    %delay 65536000, 0;
    %vpi_call 2 30 "$finish" {0 0 0};
    %end;
    .thread T_6;
# The file index is used to find the file name in the following table.
:file_names 4;
    "N/A";
    "<interactive>";
    "testbench_cont_8bit_adder.v";
    "cont_8bit_adder.v";
