#! c:/iverilog-x64/bin/vvp
:ivl_version "10.1 (stable)" "(v10_1_1)";
:ivl_delay_selection "TYPICAL";
:vpi_time_precision - 12;
:vpi_module "system";
:vpi_module "vhdl_sys";
:vpi_module "v2005_math";
:vpi_module "va_math";
S_00000000027db850 .scope module, "testbench_cont_8bit_adder" "testbench_cont_8bit_adder" 2 2;
 .timescale -9 -12;
v000000000282eff0_0 .var "a", 7 0;
v000000000282f950_0 .var "b", 7 0;
v000000000282f810_0 .var "cin", 0 0;
v000000000282f6d0_0 .net "cout", 0 0, L_000000000282f9f0;  1 drivers
v000000000282f8b0_0 .net "sum", 7 0, L_000000000282eeb0;  1 drivers
S_00000000027daf70 .scope module, "DUT" "cont_8bit_adder" 2 7, 3 2 0, S_00000000027db850;
 .timescale -9 -12;
    .port_info 0 /OUTPUT 8 "sum"
    .port_info 1 /OUTPUT 1 "cout"
    .port_info 2 /INPUT 8 "a"
    .port_info 3 /INPUT 8 "b"
    .port_info 4 /INPUT 1 "cin"
L_000000000282fc40 .functor BUFT 1, C4<0>, C4<0>, C4<0>, C4<0>;
v00000000027db0f0_0 .net *"_s10", 0 0, L_000000000282fc40;  1 drivers
v00000000027a27c0_0 .net *"_s11", 8 0, L_000000000282f1d0;  1 drivers
v00000000027a2860_0 .net *"_s13", 8 0, L_000000000282ef50;  1 drivers
L_000000000282fc88 .functor BUFT 1, C4<00000000>, C4<0>, C4<0>, C4<0>;
v00000000027a2900_0 .net *"_s16", 7 0, L_000000000282fc88;  1 drivers
v00000000027a29a0_0 .net *"_s17", 8 0, L_000000000282f310;  1 drivers
v00000000027a2a40_0 .net *"_s3", 8 0, L_000000000282fa90;  1 drivers
L_000000000282fbf8 .functor BUFT 1, C4<0>, C4<0>, C4<0>, C4<0>;
v00000000027a2ae0_0 .net *"_s6", 0 0, L_000000000282fbf8;  1 drivers
v000000000282e8d0_0 .net *"_s7", 8 0, L_000000000282f770;  1 drivers
v000000000282e970_0 .net "a", 7 0, v000000000282eff0_0;  1 drivers
v000000000282eaa0_0 .net "b", 7 0, v000000000282f950_0;  1 drivers
v000000000282eb40_0 .net "cin", 0 0, v000000000282f810_0;  1 drivers
v000000000282f630_0 .net "cout", 0 0, L_000000000282f9f0;  alias, 1 drivers
v000000000282f270_0 .net "sum", 7 0, L_000000000282eeb0;  alias, 1 drivers
L_000000000282f9f0 .part L_000000000282f310, 8, 1;
L_000000000282eeb0 .part L_000000000282f310, 0, 8;
L_000000000282fa90 .concat [ 8 1 0 0], v000000000282eff0_0, L_000000000282fbf8;
L_000000000282f770 .concat [ 8 1 0 0], v000000000282f950_0, L_000000000282fc40;
L_000000000282f1d0 .arith/sum 9, L_000000000282fa90, L_000000000282f770;
L_000000000282ef50 .concat [ 1 8 0 0], v000000000282f810_0, L_000000000282fc88;
L_000000000282f310 .arith/sum 9, L_000000000282f1d0, L_000000000282ef50;
    .scope S_00000000027db850;
T_0 ;
    %vpi_call 2 10 "$dumpfile", "cont_8bit_adder.vcd" {0 0 0};
    %vpi_call 2 11 "$dumpvars" {0 0 0};
    %end;
    .thread T_0;
    .scope S_00000000027db850;
T_1 ;
    %pushi/vec4 0, 0, 8;
    %store/vec4 v000000000282eff0_0, 0, 8;
    %pushi/vec4 0, 0, 8;
    %store/vec4 v000000000282f950_0, 0, 8;
    %pushi/vec4 0, 0, 1;
    %store/vec4 v000000000282f810_0, 0, 1;
    %end;
    .thread T_1;
    .scope S_00000000027db850;
T_2 ;
    %delay 1000, 0;
    %vpi_call 2 23 "$monitor", "%4dns monitor:a=%d b=%d cin=%d sum=%d cout=%d", $stime, v000000000282eff0_0, v000000000282f950_0, v000000000282f810_0, v000000000282f8b0_0, v000000000282f6d0_0 {0 0 0};
    %load/vec4 v000000000282eff0_0;
    %addi 1, 0, 8;
    %store/vec4 v000000000282eff0_0, 0, 8;
    %jmp T_2;
    .thread T_2;
    .scope S_00000000027db850;
T_3 ;
    %delay 256000, 0;
    %load/vec4 v000000000282f950_0;
    %addi 1, 0, 8;
    %store/vec4 v000000000282f950_0, 0, 8;
    %jmp T_3;
    .thread T_3;
    .scope S_00000000027db850;
T_4 ;
    %delay 256000, 0;
    %pushi/vec4 0, 0, 8;
    %store/vec4 v000000000282eff0_0, 0, 8;
    %jmp T_4;
    .thread T_4;
    .scope S_00000000027db850;
T_5 ;
    %delay 35536000, 0;
    %vpi_call 2 28 "$finish" {0 0 0};
    %end;
    .thread T_5;
# The file index is used to find the file name in the following table.
:file_names 4;
    "N/A";
    "<interactive>";
    "testbench_cont_8bit_adder.v";
    "cont_8bit_adder.v";
