#! c:/iverilog-x64/bin/vvp
:ivl_version "10.1 (stable)" "(v10_1_1)";
:ivl_delay_selection "TYPICAL";
:vpi_time_precision - 12;
:vpi_module "system";
:vpi_module "vhdl_sys";
:vpi_module "v2005_math";
:vpi_module "va_math";
S_0000000002727180 .scope module, "lab6_testbench" "lab6_testbench" 2 2;
 .timescale -9 -12;
v00000000026f2770_0 .var/i "i", 31 0;
v00000000026f2810_0 .var "in", 2 0;
v00000000026f28b0_0 .net "out", 3 0, v0000000002727480_0;  1 drivers
S_0000000002727300 .scope module, "DUT" "lab6" 2 6, 3 2 0, S_0000000002727180;
 .timescale -9 -12;
    .port_info 0 /INPUT 3 "in"
    .port_info 1 /OUTPUT 4 "out"
v0000000002728690_0 .net "in", 2 0, v00000000026f2810_0;  1 drivers
v0000000002727480_0 .var "out", 3 0;
E_0000000002723aa0 .event edge, v0000000002728690_0;
    .scope S_0000000002727300;
T_0 ;
    %wait E_0000000002723aa0;
    %load/vec4 v0000000002728690_0;
    %dup/vec4;
    %pushi/vec4 0, 0, 3;
    %cmp/u;
    %jmp/1 T_0.0, 6;
    %dup/vec4;
    %pushi/vec4 1, 0, 3;
    %cmp/u;
    %jmp/1 T_0.1, 6;
    %dup/vec4;
    %pushi/vec4 2, 0, 3;
    %cmp/u;
    %jmp/1 T_0.2, 6;
    %dup/vec4;
    %pushi/vec4 3, 0, 3;
    %cmp/u;
    %jmp/1 T_0.3, 6;
    %dup/vec4;
    %pushi/vec4 4, 0, 3;
    %cmp/u;
    %jmp/1 T_0.4, 6;
    %dup/vec4;
    %pushi/vec4 5, 0, 3;
    %cmp/u;
    %jmp/1 T_0.5, 6;
    %dup/vec4;
    %pushi/vec4 6, 0, 3;
    %cmp/u;
    %jmp/1 T_0.6, 6;
    %dup/vec4;
    %pushi/vec4 7, 0, 3;
    %cmp/u;
    %jmp/1 T_0.7, 6;
    %vpi_call 3 19 "$display", "Error in input" {0 0 0};
    %jmp T_0.9;
T_0.0 ;
    %pushi/vec4 1, 0, 4;
    %store/vec4 v0000000002727480_0, 0, 4;
    %jmp T_0.9;
T_0.1 ;
    %pushi/vec4 9, 0, 4;
    %store/vec4 v0000000002727480_0, 0, 4;
    %jmp T_0.9;
T_0.2 ;
    %pushi/vec4 9, 0, 4;
    %store/vec4 v0000000002727480_0, 0, 4;
    %jmp T_0.9;
T_0.3 ;
    %pushi/vec4 7, 0, 4;
    %store/vec4 v0000000002727480_0, 0, 4;
    %jmp T_0.9;
T_0.4 ;
    %pushi/vec4 0, 0, 4;
    %store/vec4 v0000000002727480_0, 0, 4;
    %jmp T_0.9;
T_0.5 ;
    %pushi/vec4 7, 0, 4;
    %store/vec4 v0000000002727480_0, 0, 4;
    %jmp T_0.9;
T_0.6 ;
    %pushi/vec4 2, 0, 4;
    %store/vec4 v0000000002727480_0, 0, 4;
    %jmp T_0.9;
T_0.7 ;
    %pushi/vec4 8, 0, 4;
    %store/vec4 v0000000002727480_0, 0, 4;
    %jmp T_0.9;
T_0.9 ;
    %pop/vec4 1;
    %jmp T_0;
    .thread T_0, $push;
    .scope S_0000000002727180;
T_1 ;
    %vpi_call 2 9 "$dumpfile", "lab6.vcd" {0 0 0};
    %vpi_call 2 10 "$dumpvars" {0 0 0};
    %end;
    .thread T_1;
    .scope S_0000000002727180;
T_2 ;
    %pushi/vec4 0, 0, 32;
    %store/vec4 v00000000026f2770_0, 0, 32;
T_2.0 ;
    %load/vec4 v00000000026f2770_0;
    %cmpi/s 8, 0, 32;
    %jmp/0xz T_2.1, 5;
    %vpi_call 2 15 "$monitor", v00000000026f28b0_0 {0 0 0};
    %load/vec4 v00000000026f2770_0;
    %pad/s 3;
    %store/vec4 v00000000026f2810_0, 0, 3;
    %delay 8000, 0;
    %load/vec4 v00000000026f2770_0;
    %addi 1, 0, 32;
    %store/vec4 v00000000026f2770_0, 0, 32;
    %jmp T_2.0;
T_2.1 ;
    %end;
    .thread T_2;
# The file index is used to find the file name in the following table.
:file_names 4;
    "N/A";
    "<interactive>";
    "lab6_testbench.v";
    "lab6.v";
